{"/home/travis/build/arf/java-codegen-liberty/generator-liberty/lib/assert.technologies.js":{"path":"/home/travis/build/arf/java-codegen-liberty/generator-liberty/lib/assert.technologies.js","s":{"1":1,"2":1,"3":1,"4":1,"5":1,"6":1,"7":1,"8":25,"9":24,"10":24,"11":24,"12":24,"13":24,"14":24,"15":24,"16":25,"17":23,"18":23,"19":23,"20":25,"21":5,"22":5,"23":5,"24":5,"25":5,"26":5,"27":5,"28":5,"29":25,"30":5,"31":5,"32":5,"33":5,"34":5,"35":5,"36":5,"37":5,"38":5,"39":5,"40":5,"41":5,"42":5,"43":5,"44":25,"45":5,"46":5,"47":5,"48":5,"49":5,"50":25,"51":6,"52":6,"53":6,"54":6,"55":6,"56":25,"57":11,"58":11,"59":11,"60":11,"61":11,"62":11,"63":25,"64":4,"65":4,"66":4,"67":4,"68":4,"69":4,"70":4,"71":25,"72":5,"73":5,"74":5,"75":5,"76":5,"77":5,"78":25,"79":3,"80":3,"81":3,"82":3,"83":3,"84":3,"85":3,"86":25,"87":3,"88":3,"89":3,"90":3,"91":3,"92":25,"93":4,"94":4,"95":4,"96":4,"97":4,"98":4,"99":4,"100":4,"101":25,"102":4,"103":4,"104":4,"105":4,"106":4,"107":4,"108":4,"109":4,"110":25,"111":2,"112":2,"113":2,"114":2,"115":2,"116":2,"117":25,"118":0,"119":0,"120":0,"121":1},"b":{},"f":{"1":25,"2":24,"3":24,"4":24,"5":23,"6":23,"7":5,"8":5,"9":5,"10":5,"11":5,"12":5,"13":5,"14":5,"15":5,"16":5,"17":5,"18":6,"19":6,"20":6,"21":11,"22":4,"23":4,"24":4,"25":5,"26":5,"27":5,"28":3,"29":3,"30":3,"31":3,"32":3,"33":3,"34":4,"35":4,"36":4,"37":4,"38":4,"39":4,"40":2,"41":2,"42":0},"fnMap":{"1":{"name":"AssertTech","line":28,"loc":{"start":{"line":28,"column":0},"end":{"line":28,"column":22}}},"2":{"name":"(anonymous_2)","line":29,"loc":{"start":{"line":29,"column":16},"end":{"line":29,"column":31}}},"3":{"name":"(anonymous_3)","line":30,"loc":{"start":{"line":30,"column":37},"end":{"line":30,"column":48}}},"4":{"name":"(anonymous_4)","line":33,"loc":{"start":{"line":33,"column":38},"end":{"line":33,"column":49}}},"5":{"name":"(anonymous_5)","line":40,"loc":{"start":{"line":40,"column":23},"end":{"line":40,"column":38}}},"6":{"name":"(anonymous_6)","line":42,"loc":{"start":{"line":42,"column":35},"end":{"line":42,"column":46}}},"7":{"name":"(anonymous_7)","line":46,"loc":{"start":{"line":46,"column":33},"end":{"line":46,"column":48}}},"8":{"name":"(anonymous_8)","line":47,"loc":{"start":{"line":47,"column":55},"end":{"line":47,"column":66}}},"9":{"name":"(anonymous_9)","line":54,"loc":{"start":{"line":54,"column":46},"end":{"line":54,"column":57}}},"10":{"name":"(anonymous_10)","line":58,"loc":{"start":{"line":58,"column":20},"end":{"line":58,"column":40}}},"11":{"name":"(anonymous_11)","line":59,"loc":{"start":{"line":59,"column":57},"end":{"line":59,"column":68}}},"12":{"name":"(anonymous_12)","line":62,"loc":{"start":{"line":62,"column":62},"end":{"line":62,"column":73}}},"13":{"name":"(anonymous_13)","line":65,"loc":{"start":{"line":65,"column":67},"end":{"line":65,"column":78}}},"14":{"name":"(anonymous_14)","line":68,"loc":{"start":{"line":68,"column":65},"end":{"line":68,"column":76}}},"15":{"name":"(anonymous_15)","line":78,"loc":{"start":{"line":78,"column":25},"end":{"line":78,"column":45}}},"16":{"name":"(anonymous_16)","line":79,"loc":{"start":{"line":79,"column":51},"end":{"line":79,"column":62}}},"17":{"name":"(anonymous_17)","line":82,"loc":{"start":{"line":82,"column":73},"end":{"line":82,"column":84}}},"18":{"name":"(anonymous_18)","line":87,"loc":{"start":{"line":87,"column":28},"end":{"line":87,"column":48}}},"19":{"name":"(anonymous_19)","line":88,"loc":{"start":{"line":88,"column":75},"end":{"line":88,"column":86}}},"20":{"name":"(anonymous_20)","line":91,"loc":{"start":{"line":91,"column":73},"end":{"line":91,"column":84}}},"21":{"name":"(anonymous_21)","line":96,"loc":{"start":{"line":96,"column":31},"end":{"line":96,"column":51}}},"22":{"name":"(anonymous_22)","line":104,"loc":{"start":{"line":104,"column":27},"end":{"line":104,"column":47}}},"23":{"name":"(anonymous_23)","line":105,"loc":{"start":{"line":105,"column":66},"end":{"line":105,"column":77}}},"24":{"name":"(anonymous_24)","line":108,"loc":{"start":{"line":108,"column":65},"end":{"line":108,"column":76}}},"25":{"name":"(anonymous_25)","line":115,"loc":{"start":{"line":115,"column":25},"end":{"line":115,"column":45}}},"26":{"name":"(anonymous_26)","line":116,"loc":{"start":{"line":116,"column":72},"end":{"line":116,"column":83}}},"27":{"name":"(anonymous_27)","line":119,"loc":{"start":{"line":119,"column":70},"end":{"line":119,"column":81}}},"28":{"name":"(anonymous_28)","line":125,"loc":{"start":{"line":125,"column":19},"end":{"line":125,"column":39}}},"29":{"name":"(anonymous_29)","line":126,"loc":{"start":{"line":126,"column":70},"end":{"line":126,"column":81}}},"30":{"name":"(anonymous_30)","line":129,"loc":{"start":{"line":129,"column":68},"end":{"line":129,"column":79}}},"31":{"name":"(anonymous_31)","line":136,"loc":{"start":{"line":136,"column":25},"end":{"line":136,"column":45}}},"32":{"name":"(anonymous_32)","line":137,"loc":{"start":{"line":137,"column":73},"end":{"line":137,"column":84}}},"33":{"name":"(anonymous_33)","line":140,"loc":{"start":{"line":140,"column":71},"end":{"line":140,"column":82}}},"34":{"name":"(anonymous_34)","line":145,"loc":{"start":{"line":145,"column":23},"end":{"line":145,"column":43}}},"35":{"name":"(anonymous_35)","line":146,"loc":{"start":{"line":146,"column":69},"end":{"line":146,"column":80}}},"36":{"name":"(anonymous_36)","line":149,"loc":{"start":{"line":149,"column":68},"end":{"line":149,"column":79}}},"37":{"name":"(anonymous_37)","line":157,"loc":{"start":{"line":157,"column":29},"end":{"line":157,"column":49}}},"38":{"name":"(anonymous_38)","line":158,"loc":{"start":{"line":158,"column":73},"end":{"line":158,"column":84}}},"39":{"name":"(anonymous_39)","line":161,"loc":{"start":{"line":161,"column":71},"end":{"line":161,"column":82}}},"40":{"name":"(anonymous_40)","line":169,"loc":{"start":{"line":169,"column":33},"end":{"line":169,"column":53}}},"41":{"name":"(anonymous_41)","line":173,"loc":{"start":{"line":173,"column":58},"end":{"line":173,"column":69}}},"42":{"name":"(anonymous_42)","line":178,"loc":{"start":{"line":178,"column":26},"end":{"line":178,"column":46}}}},"statementMap":{"1":{"start":{"line":21,"column":0},"end":{"line":21,"column":40}},"2":{"start":{"line":22,"column":0},"end":{"line":22,"column":48}},"3":{"start":{"line":23,"column":0},"end":{"line":23,"column":30}},"4":{"start":{"line":24,"column":0},"end":{"line":24,"column":42}},"5":{"start":{"line":25,"column":0},"end":{"line":25,"column":50}},"6":{"start":{"line":26,"column":0},"end":{"line":26,"column":36}},"7":{"start":{"line":28,"column":0},"end":{"line":183,"column":1}},"8":{"start":{"line":29,"column":2},"end":{"line":39,"column":3}},"9":{"start":{"line":30,"column":4},"end":{"line":32,"column":7}},"10":{"start":{"line":31,"column":6},"end":{"line":31,"column":30}},"11":{"start":{"line":33,"column":4},"end":{"line":36,"column":7}},"12":{"start":{"line":34,"column":6},"end":{"line":34,"column":56}},"13":{"start":{"line":35,"column":6},"end":{"line":35,"column":59}},"14":{"start":{"line":37,"column":4},"end":{"line":37,"column":33}},"15":{"start":{"line":38,"column":4},"end":{"line":38,"column":36}},"16":{"start":{"line":40,"column":2},"end":{"line":45,"column":3}},"17":{"start":{"line":41,"column":4},"end":{"line":41,"column":22}},"18":{"start":{"line":42,"column":4},"end":{"line":44,"column":7}},"19":{"start":{"line":43,"column":6},"end":{"line":43,"column":29}},"20":{"start":{"line":46,"column":2},"end":{"line":57,"column":3}},"21":{"start":{"line":47,"column":4},"end":{"line":53,"column":7}},"22":{"start":{"line":48,"column":6},"end":{"line":48,"column":100}},"23":{"start":{"line":49,"column":6},"end":{"line":49,"column":100}},"24":{"start":{"line":50,"column":6},"end":{"line":50,"column":103}},"25":{"start":{"line":51,"column":6},"end":{"line":51,"column":87}},"26":{"start":{"line":52,"column":6},"end":{"line":52,"column":98}},"27":{"start":{"line":54,"column":4},"end":{"line":56,"column":7}},"28":{"start":{"line":55,"column":6},"end":{"line":55,"column":80}},"29":{"start":{"line":58,"column":2},"end":{"line":77,"column":3}},"30":{"start":{"line":59,"column":4},"end":{"line":61,"column":7}},"31":{"start":{"line":60,"column":6},"end":{"line":60,"column":77}},"32":{"start":{"line":62,"column":4},"end":{"line":64,"column":7}},"33":{"start":{"line":63,"column":6},"end":{"line":63,"column":74}},"34":{"start":{"line":65,"column":4},"end":{"line":67,"column":7}},"35":{"start":{"line":66,"column":6},"end":{"line":66,"column":54}},"36":{"start":{"line":68,"column":4},"end":{"line":70,"column":7}},"37":{"start":{"line":69,"column":6},"end":{"line":69,"column":48}},"38":{"start":{"line":71,"column":4},"end":{"line":71,"column":98}},"39":{"start":{"line":72,"column":4},"end":{"line":72,"column":143}},"40":{"start":{"line":73,"column":4},"end":{"line":73,"column":94}},"41":{"start":{"line":74,"column":4},"end":{"line":74,"column":140}},"42":{"start":{"line":75,"column":4},"end":{"line":75,"column":45}},"43":{"start":{"line":76,"column":4},"end":{"line":76,"column":45}},"44":{"start":{"line":78,"column":2},"end":{"line":86,"column":3}},"45":{"start":{"line":79,"column":4},"end":{"line":81,"column":7}},"46":{"start":{"line":80,"column":6},"end":{"line":80,"column":70}},"47":{"start":{"line":82,"column":4},"end":{"line":84,"column":7}},"48":{"start":{"line":83,"column":6},"end":{"line":83,"column":64}},"49":{"start":{"line":85,"column":4},"end":{"line":85,"column":42}},"50":{"start":{"line":87,"column":2},"end":{"line":95,"column":3}},"51":{"start":{"line":88,"column":4},"end":{"line":90,"column":7}},"52":{"start":{"line":89,"column":6},"end":{"line":89,"column":62}},"53":{"start":{"line":91,"column":4},"end":{"line":93,"column":7}},"54":{"start":{"line":92,"column":6},"end":{"line":92,"column":56}},"55":{"start":{"line":94,"column":4},"end":{"line":94,"column":42}},"56":{"start":{"line":96,"column":2},"end":{"line":103,"column":3}},"57":{"start":{"line":97,"column":4},"end":{"line":97,"column":98}},"58":{"start":{"line":98,"column":4},"end":{"line":98,"column":143}},"59":{"start":{"line":99,"column":4},"end":{"line":99,"column":94}},"60":{"start":{"line":100,"column":4},"end":{"line":100,"column":140}},"61":{"start":{"line":101,"column":4},"end":{"line":101,"column":93}},"62":{"start":{"line":102,"column":4},"end":{"line":102,"column":52}},"63":{"start":{"line":104,"column":2},"end":{"line":114,"column":3}},"64":{"start":{"line":105,"column":4},"end":{"line":107,"column":7}},"65":{"start":{"line":106,"column":6},"end":{"line":106,"column":61}},"66":{"start":{"line":108,"column":4},"end":{"line":110,"column":7}},"67":{"start":{"line":109,"column":6},"end":{"line":109,"column":55}},"68":{"start":{"line":111,"column":4},"end":{"line":111,"column":147}},"69":{"start":{"line":112,"column":4},"end":{"line":112,"column":112}},"70":{"start":{"line":113,"column":4},"end":{"line":113,"column":43}},"71":{"start":{"line":115,"column":2},"end":{"line":124,"column":3}},"72":{"start":{"line":116,"column":4},"end":{"line":118,"column":7}},"73":{"start":{"line":117,"column":6},"end":{"line":117,"column":60}},"74":{"start":{"line":119,"column":4},"end":{"line":121,"column":7}},"75":{"start":{"line":120,"column":6},"end":{"line":120,"column":54}},"76":{"start":{"line":122,"column":4},"end":{"line":122,"column":104}},"77":{"start":{"line":123,"column":4},"end":{"line":123,"column":49}},"78":{"start":{"line":125,"column":2},"end":{"line":135,"column":3}},"79":{"start":{"line":126,"column":4},"end":{"line":128,"column":7}},"80":{"start":{"line":127,"column":6},"end":{"line":127,"column":57}},"81":{"start":{"line":129,"column":4},"end":{"line":131,"column":7}},"82":{"start":{"line":130,"column":6},"end":{"line":130,"column":51}},"83":{"start":{"line":132,"column":4},"end":{"line":132,"column":102}},"84":{"start":{"line":133,"column":4},"end":{"line":133,"column":143}},"85":{"start":{"line":134,"column":4},"end":{"line":134,"column":47}},"86":{"start":{"line":136,"column":2},"end":{"line":144,"column":3}},"87":{"start":{"line":137,"column":4},"end":{"line":139,"column":7}},"88":{"start":{"line":138,"column":6},"end":{"line":138,"column":60}},"89":{"start":{"line":140,"column":4},"end":{"line":142,"column":7}},"90":{"start":{"line":141,"column":6},"end":{"line":141,"column":54}},"91":{"start":{"line":143,"column":4},"end":{"line":143,"column":109}},"92":{"start":{"line":145,"column":2},"end":{"line":156,"column":3}},"93":{"start":{"line":146,"column":4},"end":{"line":148,"column":7}},"94":{"start":{"line":147,"column":6},"end":{"line":147,"column":57}},"95":{"start":{"line":149,"column":4},"end":{"line":151,"column":7}},"96":{"start":{"line":150,"column":6},"end":{"line":150,"column":51}},"97":{"start":{"line":152,"column":4},"end":{"line":152,"column":102}},"98":{"start":{"line":153,"column":4},"end":{"line":153,"column":143}},"99":{"start":{"line":154,"column":4},"end":{"line":154,"column":101}},"100":{"start":{"line":155,"column":4},"end":{"line":155,"column":52}},"101":{"start":{"line":157,"column":2},"end":{"line":168,"column":3}},"102":{"start":{"line":158,"column":4},"end":{"line":160,"column":7}},"103":{"start":{"line":159,"column":6},"end":{"line":159,"column":77}},"104":{"start":{"line":161,"column":4},"end":{"line":163,"column":7}},"105":{"start":{"line":162,"column":6},"end":{"line":162,"column":54}},"106":{"start":{"line":164,"column":4},"end":{"line":164,"column":102}},"107":{"start":{"line":165,"column":4},"end":{"line":165,"column":143}},"108":{"start":{"line":166,"column":4},"end":{"line":166,"column":109}},"109":{"start":{"line":167,"column":4},"end":{"line":167,"column":138}},"110":{"start":{"line":169,"column":2},"end":{"line":177,"column":3}},"111":{"start":{"line":170,"column":4},"end":{"line":170,"column":100}},"112":{"start":{"line":171,"column":4},"end":{"line":171,"column":145}},"113":{"start":{"line":172,"column":4},"end":{"line":172,"column":46}},"114":{"start":{"line":173,"column":4},"end":{"line":176,"column":7}},"115":{"start":{"line":174,"column":6},"end":{"line":174,"column":74}},"116":{"start":{"line":175,"column":6},"end":{"line":175,"column":62}},"117":{"start":{"line":178,"column":2},"end":{"line":182,"column":3}},"118":{"start":{"line":179,"column":4},"end":{"line":179,"column":98}},"119":{"start":{"line":180,"column":4},"end":{"line":180,"column":143}},"120":{"start":{"line":181,"column":4},"end":{"line":181,"column":45}},"121":{"start":{"line":185,"column":0},"end":{"line":185,"column":38}}},"branchMap":{}},"/home/travis/build/arf/java-codegen-liberty/generator-liberty/lib/assert.liberty.js":{"path":"/home/travis/build/arf/java-codegen-liberty/generator-liberty/lib/assert.liberty.js","s":{"1":1,"2":1,"3":1,"4":1,"5":1,"6":1,"7":1,"8":1,"9":1,"10":1,"11":110,"12":1,"13":9,"14":1,"15":7,"16":29,"17":29,"18":29,"19":29,"20":29,"21":29,"22":7,"23":5,"24":5,"25":5,"26":5,"27":5,"28":5,"29":5,"30":5,"31":5,"32":5,"33":5,"34":5,"35":7,"36":4,"37":4,"38":4,"39":2,"40":4,"41":2,"42":2,"43":2,"44":2,"45":2,"46":2,"47":7,"48":4,"49":4,"50":4,"51":7,"52":4,"53":4,"54":4,"55":7,"56":28,"57":28,"58":7,"59":63,"60":63,"61":63,"62":7,"63":5,"64":5,"65":5,"66":5,"67":2,"68":2,"69":2,"70":2,"71":2,"72":2,"73":2,"74":2,"75":2,"76":5,"77":3,"78":3,"79":3,"80":3,"81":3,"82":3,"83":3,"84":3,"85":5,"86":5,"87":5,"88":5,"89":5,"90":1},"b":{"1":[85,25],"2":[85,25],"3":[85,25],"4":[6,3],"5":[1,4],"6":[2,2],"7":[2,2],"8":[2,3],"9":[3,2]},"f":{"1":110,"2":9,"3":7,"4":29,"5":29,"6":5,"7":5,"8":5,"9":4,"10":4,"11":4,"12":4,"13":4,"14":4,"15":28,"16":28,"17":63,"18":63,"19":5,"20":5,"21":2,"22":3,"23":5},"fnMap":{"1":{"name":"getCheck","line":33,"loc":{"start":{"line":33,"column":0},"end":{"line":33,"column":26}}},"2":{"name":"getBuildCheck","line":41,"loc":{"start":{"line":41,"column":0},"end":{"line":41,"column":42}}},"3":{"name":"AssertLiberty","line":47,"loc":{"start":{"line":47,"column":0},"end":{"line":47,"column":25}}},"4":{"name":"(anonymous_4)","line":48,"loc":{"start":{"line":48,"column":24},"end":{"line":48,"column":41}}},"5":{"name":"(anonymous_5)","line":50,"loc":{"start":{"line":50,"column":79},"end":{"line":50,"column":90}}},"6":{"name":"(anonymous_6)","line":59,"loc":{"start":{"line":59,"column":27},"end":{"line":59,"column":55}}},"7":{"name":"(anonymous_7)","line":62,"loc":{"start":{"line":62,"column":72},"end":{"line":62,"column":83}}},"8":{"name":"(anonymous_8)","line":63,"loc":{"start":{"line":63,"column":67},"end":{"line":63,"column":78}}},"9":{"name":"(anonymous_9)","line":79,"loc":{"start":{"line":79,"column":23},"end":{"line":79,"column":43}}},"10":{"name":"(anonymous_10)","line":80,"loc":{"start":{"line":80,"column":60},"end":{"line":80,"column":71}}},"11":{"name":"(anonymous_11)","line":96,"loc":{"start":{"line":96,"column":20},"end":{"line":96,"column":50}}},"12":{"name":"(anonymous_12)","line":98,"loc":{"start":{"line":98,"column":75},"end":{"line":98,"column":86}}},"13":{"name":"(anonymous_13)","line":103,"loc":{"start":{"line":103,"column":19},"end":{"line":103,"column":49}}},"14":{"name":"(anonymous_14)","line":105,"loc":{"start":{"line":105,"column":70},"end":{"line":105,"column":81}}},"15":{"name":"(anonymous_15)","line":110,"loc":{"start":{"line":110,"column":27},"end":{"line":110,"column":42}}},"16":{"name":"(anonymous_16)","line":111,"loc":{"start":{"line":111,"column":62},"end":{"line":111,"column":73}}},"17":{"name":"(anonymous_17)","line":116,"loc":{"start":{"line":116,"column":23},"end":{"line":116,"column":46}}},"18":{"name":"(anonymous_18)","line":118,"loc":{"start":{"line":118,"column":64},"end":{"line":118,"column":75}}},"19":{"name":"(anonymous_19)","line":122,"loc":{"start":{"line":122,"column":25},"end":{"line":122,"column":65}}},"20":{"name":"(anonymous_20)","line":123,"loc":{"start":{"line":123,"column":60},"end":{"line":123,"column":71}}},"21":{"name":"(anonymous_21)","line":134,"loc":{"start":{"line":134,"column":70},"end":{"line":134,"column":81}}},"22":{"name":"(anonymous_22)","line":145,"loc":{"start":{"line":145,"column":69},"end":{"line":145,"column":80}}},"23":{"name":"(anonymous_23)","line":149,"loc":{"start":{"line":149,"column":56},"end":{"line":149,"column":67}}}},"statementMap":{"1":{"start":{"line":22,"column":0},"end":{"line":22,"column":40}},"2":{"start":{"line":23,"column":0},"end":{"line":23,"column":56}},"3":{"start":{"line":24,"column":0},"end":{"line":24,"column":56}},"4":{"start":{"line":25,"column":0},"end":{"line":25,"column":30}},"5":{"start":{"line":26,"column":0},"end":{"line":26,"column":58}},"6":{"start":{"line":27,"column":0},"end":{"line":27,"column":62}},"7":{"start":{"line":28,"column":0},"end":{"line":28,"column":88}},"8":{"start":{"line":29,"column":0},"end":{"line":29,"column":35}},"9":{"start":{"line":30,"column":0},"end":{"line":30,"column":42}},"10":{"start":{"line":33,"column":0},"end":{"line":39,"column":1}},"11":{"start":{"line":34,"column":2},"end":{"line":38,"column":3}},"12":{"start":{"line":41,"column":0},"end":{"line":45,"column":1}},"13":{"start":{"line":42,"column":2},"end":{"line":44,"column":3}},"14":{"start":{"line":47,"column":0},"end":{"line":157,"column":1}},"15":{"start":{"line":48,"column":2},"end":{"line":57,"column":3}},"16":{"start":{"line":49,"column":4},"end":{"line":49,"column":33}},"17":{"start":{"line":50,"column":4},"end":{"line":55,"column":7}},"18":{"start":{"line":51,"column":6},"end":{"line":51,"column":29}},"19":{"start":{"line":52,"column":6},"end":{"line":52,"column":29}},"20":{"start":{"line":53,"column":6},"end":{"line":53,"column":30}},"21":{"start":{"line":54,"column":6},"end":{"line":54,"column":30}},"22":{"start":{"line":59,"column":2},"end":{"line":77,"column":3}},"23":{"start":{"line":60,"column":4},"end":{"line":60,"column":33}},"24":{"start":{"line":61,"column":4},"end":{"line":61,"column":20}},"25":{"start":{"line":62,"column":4},"end":{"line":76,"column":7}},"26":{"start":{"line":63,"column":6},"end":{"line":65,"column":9}},"27":{"start":{"line":64,"column":10},"end":{"line":64,"column":60}},"28":{"start":{"line":67,"column":6},"end":{"line":67,"column":44}},"29":{"start":{"line":68,"column":6},"end":{"line":68,"column":48}},"30":{"start":{"line":69,"column":6},"end":{"line":69,"column":53}},"31":{"start":{"line":70,"column":6},"end":{"line":70,"column":50}},"32":{"start":{"line":72,"column":6},"end":{"line":72,"column":112}},"33":{"start":{"line":73,"column":6},"end":{"line":73,"column":81}},"34":{"start":{"line":74,"column":6},"end":{"line":74,"column":80}},"35":{"start":{"line":79,"column":2},"end":{"line":94,"column":3}},"36":{"start":{"line":80,"column":4},"end":{"line":93,"column":7}},"37":{"start":{"line":81,"column":6},"end":{"line":81,"column":49}},"38":{"start":{"line":82,"column":6},"end":{"line":84,"column":7}},"39":{"start":{"line":83,"column":8},"end":{"line":83,"column":60}},"40":{"start":{"line":85,"column":6},"end":{"line":92,"column":7}},"41":{"start":{"line":86,"column":8},"end":{"line":86,"column":68}},"42":{"start":{"line":87,"column":8},"end":{"line":87,"column":43}},"43":{"start":{"line":88,"column":8},"end":{"line":88,"column":60}},"44":{"start":{"line":89,"column":8},"end":{"line":89,"column":209}},"45":{"start":{"line":90,"column":8},"end":{"line":90,"column":40}},"46":{"start":{"line":91,"column":8},"end":{"line":91,"column":29}},"47":{"start":{"line":96,"column":2},"end":{"line":101,"column":3}},"48":{"start":{"line":97,"column":4},"end":{"line":97,"column":33}},"49":{"start":{"line":98,"column":4},"end":{"line":100,"column":7}},"50":{"start":{"line":99,"column":6},"end":{"line":99,"column":94}},"51":{"start":{"line":103,"column":2},"end":{"line":108,"column":3}},"52":{"start":{"line":104,"column":4},"end":{"line":104,"column":33}},"53":{"start":{"line":105,"column":4},"end":{"line":107,"column":7}},"54":{"start":{"line":106,"column":6},"end":{"line":106,"column":59}},"55":{"start":{"line":110,"column":2},"end":{"line":114,"column":3}},"56":{"start":{"line":111,"column":4},"end":{"line":113,"column":7}},"57":{"start":{"line":112,"column":6},"end":{"line":112,"column":77}},"58":{"start":{"line":116,"column":2},"end":{"line":121,"column":3}},"59":{"start":{"line":117,"column":4},"end":{"line":117,"column":33}},"60":{"start":{"line":118,"column":4},"end":{"line":120,"column":7}},"61":{"start":{"line":119,"column":6},"end":{"line":119,"column":67}},"62":{"start":{"line":122,"column":2},"end":{"line":156,"column":3}},"63":{"start":{"line":123,"column":4},"end":{"line":155,"column":7}},"64":{"start":{"line":124,"column":6},"end":{"line":124,"column":79}},"65":{"start":{"line":125,"column":6},"end":{"line":125,"column":58}},"66":{"start":{"line":126,"column":6},"end":{"line":137,"column":7}},"67":{"start":{"line":127,"column":8},"end":{"line":127,"column":58}},"68":{"start":{"line":128,"column":8},"end":{"line":128,"column":59}},"69":{"start":{"line":129,"column":8},"end":{"line":129,"column":63}},"70":{"start":{"line":130,"column":8},"end":{"line":130,"column":98}},"71":{"start":{"line":131,"column":8},"end":{"line":131,"column":65}},"72":{"start":{"line":132,"column":8},"end":{"line":132,"column":45}},"73":{"start":{"line":133,"column":8},"end":{"line":133,"column":72}},"74":{"start":{"line":134,"column":8},"end":{"line":136,"column":11}},"75":{"start":{"line":135,"column":10},"end":{"line":135,"column":145}},"76":{"start":{"line":138,"column":6},"end":{"line":148,"column":7}},"77":{"start":{"line":139,"column":8},"end":{"line":139,"column":61}},"78":{"start":{"line":140,"column":8},"end":{"line":140,"column":54}},"79":{"start":{"line":141,"column":8},"end":{"line":141,"column":41}},"80":{"start":{"line":142,"column":8},"end":{"line":142,"column":74}},"81":{"start":{"line":143,"column":8},"end":{"line":143,"column":56}},"82":{"start":{"line":144,"column":8},"end":{"line":144,"column":42}},"83":{"start":{"line":145,"column":8},"end":{"line":147,"column":11}},"84":{"start":{"line":146,"column":10},"end":{"line":146,"column":150}},"85":{"start":{"line":149,"column":6},"end":{"line":154,"column":9}},"86":{"start":{"line":150,"column":8},"end":{"line":150,"column":64}},"87":{"start":{"line":151,"column":8},"end":{"line":151,"column":68}},"88":{"start":{"line":152,"column":8},"end":{"line":152,"column":74}},"89":{"start":{"line":153,"column":8},"end":{"line":153,"column":147}},"90":{"start":{"line":159,"column":0},"end":{"line":159,"column":41}}},"branchMap":{"1":{"line":35,"type":"cond-expr","locations":[{"start":{"line":35,"column":20},"end":{"line":35,"column":31}},{"start":{"line":35,"column":34},"end":{"line":35,"column":47}}]},"2":{"line":36,"type":"cond-expr","locations":[{"start":{"line":36,"column":20},"end":{"line":36,"column":36}},{"start":{"line":36,"column":39},"end":{"line":36,"column":59}}]},"3":{"line":37,"type":"cond-expr","locations":[{"start":{"line":37,"column":23},"end":{"line":37,"column":41}},{"start":{"line":37,"column":44},"end":{"line":37,"column":64}}]},"4":{"line":43,"type":"cond-expr","locations":[{"start":{"line":43,"column":23},"end":{"line":43,"column":58}},{"start":{"line":43,"column":61},"end":{"line":43,"column":98}}]},"5":{"line":72,"type":"cond-expr","locations":[{"start":{"line":72,"column":30},"end":{"line":72,"column":68}},{"start":{"line":72,"column":71},"end":{"line":72,"column":111}}]},"6":{"line":82,"type":"if","locations":[{"start":{"line":82,"column":6},"end":{"line":82,"column":6}},{"start":{"line":82,"column":6},"end":{"line":82,"column":6}}]},"7":{"line":85,"type":"if","locations":[{"start":{"line":85,"column":6},"end":{"line":85,"column":6}},{"start":{"line":85,"column":6},"end":{"line":85,"column":6}}]},"8":{"line":126,"type":"if","locations":[{"start":{"line":126,"column":6},"end":{"line":126,"column":6}},{"start":{"line":126,"column":6},"end":{"line":126,"column":6}}]},"9":{"line":138,"type":"if","locations":[{"start":{"line":138,"column":6},"end":{"line":138,"column":6}},{"start":{"line":138,"column":6},"end":{"line":138,"column":6}}]}}},"/home/travis/build/arf/java-codegen-liberty/generator-liberty/generators/app/index.js":{"path":"/home/travis/build/arf/java-codegen-liberty/generator-liberty/generators/app/index.js","s":{"1":1,"2":1,"3":1,"4":1,"5":1,"6":1,"7":1,"8":1,"9":31,"10":31,"11":31,"12":31,"13":31,"14":31,"15":31,"16":31,"17":31,"18":31,"19":31,"20":20,"21":31,"22":11,"23":31},"b":{"1":[20,11],"2":[11,20]},"f":{"1":31,"2":31,"3":31,"4":31,"5":31,"6":31},"fnMap":{"1":{"name":"(anonymous_1)","line":28,"loc":{"start":{"line":28,"column":13},"end":{"line":28,"column":26}}},"2":{"name":"(anonymous_2)","line":41,"loc":{"start":{"line":41,"column":14},"end":{"line":41,"column":17}}},"3":{"name":"(anonymous_3)","line":45,"loc":{"start":{"line":45,"column":11},"end":{"line":45,"column":14}}},"4":{"name":"(anonymous_4)","line":49,"loc":{"start":{"line":49,"column":13},"end":{"line":49,"column":16}}},"5":{"name":"(anonymous_5)","line":53,"loc":{"start":{"line":53,"column":9},"end":{"line":53,"column":12}}},"6":{"name":"(anonymous_6)","line":63,"loc":{"start":{"line":63,"column":5},"end":{"line":63,"column":8}}}},"statementMap":{"1":{"start":{"line":17,"column":0},"end":{"line":17,"column":46}},"2":{"start":{"line":18,"column":0},"end":{"line":18,"column":41}},"3":{"start":{"line":19,"column":0},"end":{"line":19,"column":31}},"4":{"start":{"line":20,"column":0},"end":{"line":20,"column":25}},"5":{"start":{"line":21,"column":0},"end":{"line":21,"column":33}},"6":{"start":{"line":22,"column":0},"end":{"line":22,"column":47}},"7":{"start":{"line":24,"column":0},"end":{"line":24,"column":30}},"8":{"start":{"line":26,"column":0},"end":{"line":66,"column":2}},"9":{"start":{"line":29,"column":4},"end":{"line":29,"column":22}},"10":{"start":{"line":31,"column":4},"end":{"line":31,"column":30}},"11":{"start":{"line":32,"column":4},"end":{"line":32,"column":31}},"12":{"start":{"line":33,"column":4},"end":{"line":33,"column":70}},"13":{"start":{"line":34,"column":4},"end":{"line":34,"column":67}},"14":{"start":{"line":35,"column":4},"end":{"line":35,"column":33}},"15":{"start":{"line":36,"column":4},"end":{"line":36,"column":34}},"16":{"start":{"line":37,"column":4},"end":{"line":37,"column":41}},"17":{"start":{"line":38,"column":4},"end":{"line":38,"column":72}},"18":{"start":{"line":50,"column":4},"end":{"line":50,"column":25}},"19":{"start":{"line":54,"column":4},"end":{"line":56,"column":5}},"20":{"start":{"line":55,"column":6},"end":{"line":55,"column":145}},"21":{"start":{"line":57,"column":4},"end":{"line":59,"column":5}},"22":{"start":{"line":58,"column":6},"end":{"line":58,"column":140}},"23":{"start":{"line":60,"column":4},"end":{"line":60,"column":36}}},"branchMap":{"1":{"line":54,"type":"if","locations":[{"start":{"line":54,"column":4},"end":{"line":54,"column":4}},{"start":{"line":54,"column":4},"end":{"line":54,"column":4}}]},"2":{"line":57,"type":"if","locations":[{"start":{"line":57,"column":4},"end":{"line":57,"column":4}},{"start":{"line":57,"column":4},"end":{"line":57,"column":4}}]}}},"/home/travis/build/arf/java-codegen-liberty/generator-liberty/lib/defaults.js":{"path":"/home/travis/build/arf/java-codegen-liberty/generator-liberty/lib/defaults.js","s":{"1":1,"2":1,"3":62,"4":1,"5":1},"b":{"1":[62,0]},"f":{"1":1},"fnMap":{"1":{"name":"(anonymous_1)","line":27,"loc":{"start":{"line":27,"column":13},"end":{"line":27,"column":16}}}},"statementMap":{"1":{"start":{"line":19,"column":0},"end":{"line":19,"column":59}},"2":{"start":{"line":21,"column":0},"end":{"line":24,"column":2}},"3":{"start":{"line":22,"column":112},"end":{"line":22,"column":167}},"4":{"start":{"line":26,"column":0},"end":{"line":30,"column":1}},"5":{"start":{"line":28,"column":4},"end":{"line":28,"column":20}}},"branchMap":{"1":{"line":22,"type":"cond-expr","locations":[{"start":{"line":22,"column":142},"end":{"line":22,"column":147}},{"start":{"line":22,"column":150},"end":{"line":22,"column":166}}]}}},"/home/travis/build/arf/java-codegen-liberty/generator-liberty/generators/prompts/liberty.js":{"path":"/home/travis/build/arf/java-codegen-liberty/generator-liberty/generators/prompts/liberty.js","s":{"1":1,"2":1,"3":0,"4":0,"5":0,"6":1,"7":0,"8":1,"9":0,"10":0,"11":0,"12":0,"13":0,"14":0,"15":0,"16":1,"17":0,"18":0,"19":0,"20":0,"21":0,"22":0,"23":1,"24":0,"25":1,"26":0,"27":1},"b":{"1":[0,0],"2":[0,0],"3":[0,0]},"f":{"1":0,"2":0,"3":0,"4":0,"5":0,"6":0,"7":0},"fnMap":{"1":{"name":"Extension","line":21,"loc":{"start":{"line":21,"column":0},"end":{"line":21,"column":27}}},"2":{"name":"(anonymous_2)","line":27,"loc":{"start":{"line":27,"column":32},"end":{"line":27,"column":43}}},"3":{"name":"(anonymous_3)","line":35,"loc":{"start":{"line":35,"column":27},"end":{"line":35,"column":45}}},"4":{"name":"(anonymous_4)","line":49,"loc":{"start":{"line":49,"column":35},"end":{"line":49,"column":46}}},"5":{"name":"(anonymous_5)","line":90,"loc":{"start":{"line":90,"column":15},"end":{"line":90,"column":33}}},"6":{"name":"(anonymous_6)","line":111,"loc":{"start":{"line":111,"column":33},"end":{"line":111,"column":47}}},"7":{"name":"(anonymous_7)","line":115,"loc":{"start":{"line":115,"column":34},"end":{"line":115,"column":60}}}},"statementMap":{"1":{"start":{"line":19,"column":0},"end":{"line":19,"column":35}},"2":{"start":{"line":21,"column":0},"end":{"line":25,"column":1}},"3":{"start":{"line":22,"column":2},"end":{"line":22,"column":22}},"4":{"start":{"line":23,"column":2},"end":{"line":23,"column":23}},"5":{"start":{"line":24,"column":2},"end":{"line":24,"column":27}},"6":{"start":{"line":27,"column":0},"end":{"line":33,"column":1}},"7":{"start":{"line":28,"column":2},"end":{"line":32,"column":4}},"8":{"start":{"line":35,"column":0},"end":{"line":47,"column":1}},"9":{"start":{"line":36,"column":2},"end":{"line":36,"column":21}},"10":{"start":{"line":37,"column":2},"end":{"line":45,"column":3}},"11":{"start":{"line":38,"column":4},"end":{"line":42,"column":5}},"12":{"start":{"line":39,"column":6},"end":{"line":39,"column":50}},"13":{"start":{"line":41,"column":6},"end":{"line":41,"column":54}},"14":{"start":{"line":44,"column":4},"end":{"line":44,"column":52}},"15":{"start":{"line":46,"column":2},"end":{"line":46,"column":16}},"16":{"start":{"line":49,"column":0},"end":{"line":109,"column":1}},"17":{"start":{"line":50,"column":2},"end":{"line":108,"column":5}},"18":{"start":{"line":83,"column":30},"end":{"line":83,"column":52}},"19":{"start":{"line":91,"column":6},"end":{"line":93,"column":7}},"20":{"start":{"line":92,"column":8},"end":{"line":92,"column":58}},"21":{"start":{"line":94,"column":6},"end":{"line":94,"column":18}},"22":{"start":{"line":107,"column":28},"end":{"line":107,"column":54}},"23":{"start":{"line":111,"column":0},"end":{"line":113,"column":1}},"24":{"start":{"line":112,"column":2},"end":{"line":112,"column":21}},"25":{"start":{"line":115,"column":0},"end":{"line":117,"column":1}},"26":{"start":{"line":116,"column":2},"end":{"line":116,"column":39}},"27":{"start":{"line":119,"column":0},"end":{"line":119,"column":37}}},"branchMap":{"1":{"line":37,"type":"if","locations":[{"start":{"line":37,"column":2},"end":{"line":37,"column":2}},{"start":{"line":37,"column":2},"end":{"line":37,"column":2}}]},"2":{"line":38,"type":"if","locations":[{"start":{"line":38,"column":4},"end":{"line":38,"column":4}},{"start":{"line":38,"column":4},"end":{"line":38,"column":4}}]},"3":{"line":91,"type":"if","locations":[{"start":{"line":91,"column":6},"end":{"line":91,"column":6}},{"start":{"line":91,"column":6},"end":{"line":91,"column":6}}]}}}}