{"/home/travis/build/arf/java-codegen-liberty/generator-liberty/lib/assert.technologies.js":{"path":"/home/travis/build/arf/java-codegen-liberty/generator-liberty/lib/assert.technologies.js","s":{"1":1,"2":1,"3":1,"4":1,"5":1,"6":1,"7":1,"8":25,"9":24,"10":24,"11":24,"12":24,"13":24,"14":24,"15":24,"16":25,"17":23,"18":23,"19":23,"20":25,"21":6,"22":6,"23":6,"24":6,"25":6,"26":6,"27":6,"28":6,"29":25,"30":7,"31":7,"32":7,"33":7,"34":7,"35":7,"36":7,"37":7,"38":7,"39":7,"40":7,"41":7,"42":7,"43":7,"44":25,"45":6,"46":6,"47":6,"48":6,"49":6,"50":25,"51":4,"52":4,"53":4,"54":4,"55":4,"56":25,"57":10,"58":10,"59":10,"60":10,"61":10,"62":10,"63":25,"64":3,"65":3,"66":3,"67":3,"68":3,"69":3,"70":3,"71":25,"72":4,"73":4,"74":4,"75":4,"76":4,"77":4,"78":25,"79":4,"80":4,"81":4,"82":4,"83":4,"84":4,"85":4,"86":25,"87":6,"88":6,"89":6,"90":6,"91":6,"92":25,"93":5,"94":5,"95":5,"96":5,"97":5,"98":5,"99":5,"100":5,"101":5,"102":4,"103":5,"104":1,"105":25,"106":5,"107":5,"108":5,"109":5,"110":5,"111":5,"112":5,"113":5,"114":25,"115":2,"116":2,"117":2,"118":2,"119":2,"120":2,"121":25,"122":0,"123":0,"124":0,"125":1},"b":{"1":[4,1],"2":[1,4]},"f":{"1":25,"2":24,"3":24,"4":24,"5":23,"6":23,"7":6,"8":6,"9":6,"10":7,"11":7,"12":7,"13":7,"14":7,"15":6,"16":6,"17":6,"18":4,"19":4,"20":4,"21":10,"22":3,"23":3,"24":3,"25":4,"26":4,"27":4,"28":4,"29":4,"30":4,"31":6,"32":6,"33":6,"34":5,"35":5,"36":5,"37":5,"38":5,"39":5,"40":2,"41":2,"42":0},"fnMap":{"1":{"name":"AssertTech","line":28,"loc":{"start":{"line":28,"column":0},"end":{"line":28,"column":22}}},"2":{"name":"(anonymous_2)","line":29,"loc":{"start":{"line":29,"column":16},"end":{"line":29,"column":31}}},"3":{"name":"(anonymous_3)","line":30,"loc":{"start":{"line":30,"column":37},"end":{"line":30,"column":48}}},"4":{"name":"(anonymous_4)","line":33,"loc":{"start":{"line":33,"column":38},"end":{"line":33,"column":49}}},"5":{"name":"(anonymous_5)","line":40,"loc":{"start":{"line":40,"column":23},"end":{"line":40,"column":38}}},"6":{"name":"(anonymous_6)","line":42,"loc":{"start":{"line":42,"column":35},"end":{"line":42,"column":46}}},"7":{"name":"(anonymous_7)","line":46,"loc":{"start":{"line":46,"column":33},"end":{"line":46,"column":48}}},"8":{"name":"(anonymous_8)","line":47,"loc":{"start":{"line":47,"column":55},"end":{"line":47,"column":66}}},"9":{"name":"(anonymous_9)","line":54,"loc":{"start":{"line":54,"column":46},"end":{"line":54,"column":57}}},"10":{"name":"(anonymous_10)","line":58,"loc":{"start":{"line":58,"column":20},"end":{"line":58,"column":40}}},"11":{"name":"(anonymous_11)","line":59,"loc":{"start":{"line":59,"column":57},"end":{"line":59,"column":68}}},"12":{"name":"(anonymous_12)","line":62,"loc":{"start":{"line":62,"column":62},"end":{"line":62,"column":73}}},"13":{"name":"(anonymous_13)","line":65,"loc":{"start":{"line":65,"column":67},"end":{"line":65,"column":78}}},"14":{"name":"(anonymous_14)","line":68,"loc":{"start":{"line":68,"column":65},"end":{"line":68,"column":76}}},"15":{"name":"(anonymous_15)","line":78,"loc":{"start":{"line":78,"column":25},"end":{"line":78,"column":45}}},"16":{"name":"(anonymous_16)","line":79,"loc":{"start":{"line":79,"column":51},"end":{"line":79,"column":62}}},"17":{"name":"(anonymous_17)","line":82,"loc":{"start":{"line":82,"column":73},"end":{"line":82,"column":84}}},"18":{"name":"(anonymous_18)","line":87,"loc":{"start":{"line":87,"column":28},"end":{"line":87,"column":48}}},"19":{"name":"(anonymous_19)","line":88,"loc":{"start":{"line":88,"column":75},"end":{"line":88,"column":86}}},"20":{"name":"(anonymous_20)","line":91,"loc":{"start":{"line":91,"column":73},"end":{"line":91,"column":84}}},"21":{"name":"(anonymous_21)","line":96,"loc":{"start":{"line":96,"column":31},"end":{"line":96,"column":51}}},"22":{"name":"(anonymous_22)","line":104,"loc":{"start":{"line":104,"column":27},"end":{"line":104,"column":47}}},"23":{"name":"(anonymous_23)","line":105,"loc":{"start":{"line":105,"column":66},"end":{"line":105,"column":77}}},"24":{"name":"(anonymous_24)","line":108,"loc":{"start":{"line":108,"column":65},"end":{"line":108,"column":76}}},"25":{"name":"(anonymous_25)","line":115,"loc":{"start":{"line":115,"column":25},"end":{"line":115,"column":45}}},"26":{"name":"(anonymous_26)","line":116,"loc":{"start":{"line":116,"column":72},"end":{"line":116,"column":83}}},"27":{"name":"(anonymous_27)","line":119,"loc":{"start":{"line":119,"column":70},"end":{"line":119,"column":81}}},"28":{"name":"(anonymous_28)","line":125,"loc":{"start":{"line":125,"column":19},"end":{"line":125,"column":39}}},"29":{"name":"(anonymous_29)","line":126,"loc":{"start":{"line":126,"column":70},"end":{"line":126,"column":81}}},"30":{"name":"(anonymous_30)","line":129,"loc":{"start":{"line":129,"column":68},"end":{"line":129,"column":79}}},"31":{"name":"(anonymous_31)","line":136,"loc":{"start":{"line":136,"column":25},"end":{"line":136,"column":45}}},"32":{"name":"(anonymous_32)","line":137,"loc":{"start":{"line":137,"column":73},"end":{"line":137,"column":84}}},"33":{"name":"(anonymous_33)","line":140,"loc":{"start":{"line":140,"column":71},"end":{"line":140,"column":82}}},"34":{"name":"(anonymous_34)","line":145,"loc":{"start":{"line":145,"column":23},"end":{"line":145,"column":43}}},"35":{"name":"(anonymous_35)","line":146,"loc":{"start":{"line":146,"column":69},"end":{"line":146,"column":80}}},"36":{"name":"(anonymous_36)","line":149,"loc":{"start":{"line":149,"column":68},"end":{"line":149,"column":79}}},"37":{"name":"(anonymous_37)","line":163,"loc":{"start":{"line":163,"column":29},"end":{"line":163,"column":49}}},"38":{"name":"(anonymous_38)","line":164,"loc":{"start":{"line":164,"column":73},"end":{"line":164,"column":84}}},"39":{"name":"(anonymous_39)","line":167,"loc":{"start":{"line":167,"column":71},"end":{"line":167,"column":82}}},"40":{"name":"(anonymous_40)","line":175,"loc":{"start":{"line":175,"column":33},"end":{"line":175,"column":53}}},"41":{"name":"(anonymous_41)","line":179,"loc":{"start":{"line":179,"column":58},"end":{"line":179,"column":69}}},"42":{"name":"(anonymous_42)","line":184,"loc":{"start":{"line":184,"column":26},"end":{"line":184,"column":46}}}},"statementMap":{"1":{"start":{"line":21,"column":0},"end":{"line":21,"column":40}},"2":{"start":{"line":22,"column":0},"end":{"line":22,"column":48}},"3":{"start":{"line":23,"column":0},"end":{"line":23,"column":30}},"4":{"start":{"line":24,"column":0},"end":{"line":24,"column":42}},"5":{"start":{"line":25,"column":0},"end":{"line":25,"column":50}},"6":{"start":{"line":26,"column":0},"end":{"line":26,"column":36}},"7":{"start":{"line":28,"column":0},"end":{"line":189,"column":1}},"8":{"start":{"line":29,"column":2},"end":{"line":39,"column":3}},"9":{"start":{"line":30,"column":4},"end":{"line":32,"column":7}},"10":{"start":{"line":31,"column":6},"end":{"line":31,"column":30}},"11":{"start":{"line":33,"column":4},"end":{"line":36,"column":7}},"12":{"start":{"line":34,"column":6},"end":{"line":34,"column":56}},"13":{"start":{"line":35,"column":6},"end":{"line":35,"column":59}},"14":{"start":{"line":37,"column":4},"end":{"line":37,"column":33}},"15":{"start":{"line":38,"column":4},"end":{"line":38,"column":36}},"16":{"start":{"line":40,"column":2},"end":{"line":45,"column":3}},"17":{"start":{"line":41,"column":4},"end":{"line":41,"column":22}},"18":{"start":{"line":42,"column":4},"end":{"line":44,"column":7}},"19":{"start":{"line":43,"column":6},"end":{"line":43,"column":29}},"20":{"start":{"line":46,"column":2},"end":{"line":57,"column":3}},"21":{"start":{"line":47,"column":4},"end":{"line":53,"column":7}},"22":{"start":{"line":48,"column":6},"end":{"line":48,"column":100}},"23":{"start":{"line":49,"column":6},"end":{"line":49,"column":100}},"24":{"start":{"line":50,"column":6},"end":{"line":50,"column":103}},"25":{"start":{"line":51,"column":6},"end":{"line":51,"column":87}},"26":{"start":{"line":52,"column":6},"end":{"line":52,"column":98}},"27":{"start":{"line":54,"column":4},"end":{"line":56,"column":7}},"28":{"start":{"line":55,"column":6},"end":{"line":55,"column":80}},"29":{"start":{"line":58,"column":2},"end":{"line":77,"column":3}},"30":{"start":{"line":59,"column":4},"end":{"line":61,"column":7}},"31":{"start":{"line":60,"column":6},"end":{"line":60,"column":77}},"32":{"start":{"line":62,"column":4},"end":{"line":64,"column":7}},"33":{"start":{"line":63,"column":6},"end":{"line":63,"column":74}},"34":{"start":{"line":65,"column":4},"end":{"line":67,"column":7}},"35":{"start":{"line":66,"column":6},"end":{"line":66,"column":54}},"36":{"start":{"line":68,"column":4},"end":{"line":70,"column":7}},"37":{"start":{"line":69,"column":6},"end":{"line":69,"column":48}},"38":{"start":{"line":71,"column":4},"end":{"line":71,"column":98}},"39":{"start":{"line":72,"column":4},"end":{"line":72,"column":143}},"40":{"start":{"line":73,"column":4},"end":{"line":73,"column":94}},"41":{"start":{"line":74,"column":4},"end":{"line":74,"column":140}},"42":{"start":{"line":75,"column":4},"end":{"line":75,"column":45}},"43":{"start":{"line":76,"column":4},"end":{"line":76,"column":45}},"44":{"start":{"line":78,"column":2},"end":{"line":86,"column":3}},"45":{"start":{"line":79,"column":4},"end":{"line":81,"column":7}},"46":{"start":{"line":80,"column":6},"end":{"line":80,"column":70}},"47":{"start":{"line":82,"column":4},"end":{"line":84,"column":7}},"48":{"start":{"line":83,"column":6},"end":{"line":83,"column":64}},"49":{"start":{"line":85,"column":4},"end":{"line":85,"column":42}},"50":{"start":{"line":87,"column":2},"end":{"line":95,"column":3}},"51":{"start":{"line":88,"column":4},"end":{"line":90,"column":7}},"52":{"start":{"line":89,"column":6},"end":{"line":89,"column":62}},"53":{"start":{"line":91,"column":4},"end":{"line":93,"column":7}},"54":{"start":{"line":92,"column":6},"end":{"line":92,"column":56}},"55":{"start":{"line":94,"column":4},"end":{"line":94,"column":42}},"56":{"start":{"line":96,"column":2},"end":{"line":103,"column":3}},"57":{"start":{"line":97,"column":4},"end":{"line":97,"column":98}},"58":{"start":{"line":98,"column":4},"end":{"line":98,"column":143}},"59":{"start":{"line":99,"column":4},"end":{"line":99,"column":94}},"60":{"start":{"line":100,"column":4},"end":{"line":100,"column":140}},"61":{"start":{"line":101,"column":4},"end":{"line":101,"column":93}},"62":{"start":{"line":102,"column":4},"end":{"line":102,"column":52}},"63":{"start":{"line":104,"column":2},"end":{"line":114,"column":3}},"64":{"start":{"line":105,"column":4},"end":{"line":107,"column":7}},"65":{"start":{"line":106,"column":6},"end":{"line":106,"column":61}},"66":{"start":{"line":108,"column":4},"end":{"line":110,"column":7}},"67":{"start":{"line":109,"column":6},"end":{"line":109,"column":55}},"68":{"start":{"line":111,"column":4},"end":{"line":111,"column":147}},"69":{"start":{"line":112,"column":4},"end":{"line":112,"column":112}},"70":{"start":{"line":113,"column":4},"end":{"line":113,"column":43}},"71":{"start":{"line":115,"column":2},"end":{"line":124,"column":3}},"72":{"start":{"line":116,"column":4},"end":{"line":118,"column":7}},"73":{"start":{"line":117,"column":6},"end":{"line":117,"column":60}},"74":{"start":{"line":119,"column":4},"end":{"line":121,"column":7}},"75":{"start":{"line":120,"column":6},"end":{"line":120,"column":54}},"76":{"start":{"line":122,"column":4},"end":{"line":122,"column":104}},"77":{"start":{"line":123,"column":4},"end":{"line":123,"column":49}},"78":{"start":{"line":125,"column":2},"end":{"line":135,"column":3}},"79":{"start":{"line":126,"column":4},"end":{"line":128,"column":7}},"80":{"start":{"line":127,"column":6},"end":{"line":127,"column":57}},"81":{"start":{"line":129,"column":4},"end":{"line":131,"column":7}},"82":{"start":{"line":130,"column":6},"end":{"line":130,"column":51}},"83":{"start":{"line":132,"column":4},"end":{"line":132,"column":102}},"84":{"start":{"line":133,"column":4},"end":{"line":133,"column":143}},"85":{"start":{"line":134,"column":4},"end":{"line":134,"column":47}},"86":{"start":{"line":136,"column":2},"end":{"line":144,"column":3}},"87":{"start":{"line":137,"column":4},"end":{"line":139,"column":7}},"88":{"start":{"line":138,"column":6},"end":{"line":138,"column":60}},"89":{"start":{"line":140,"column":4},"end":{"line":142,"column":7}},"90":{"start":{"line":141,"column":6},"end":{"line":141,"column":54}},"91":{"start":{"line":143,"column":4},"end":{"line":143,"column":109}},"92":{"start":{"line":145,"column":2},"end":{"line":162,"column":3}},"93":{"start":{"line":146,"column":4},"end":{"line":148,"column":7}},"94":{"start":{"line":147,"column":6},"end":{"line":147,"column":57}},"95":{"start":{"line":149,"column":4},"end":{"line":151,"column":7}},"96":{"start":{"line":150,"column":6},"end":{"line":150,"column":51}},"97":{"start":{"line":152,"column":4},"end":{"line":152,"column":102}},"98":{"start":{"line":153,"column":4},"end":{"line":153,"column":143}},"99":{"start":{"line":154,"column":4},"end":{"line":154,"column":101}},"100":{"start":{"line":155,"column":4},"end":{"line":155,"column":52}},"101":{"start":{"line":156,"column":4},"end":{"line":158,"column":5}},"102":{"start":{"line":157,"column":6},"end":{"line":157,"column":80}},"103":{"start":{"line":159,"column":4},"end":{"line":161,"column":5}},"104":{"start":{"line":160,"column":6},"end":{"line":160,"column":73}},"105":{"start":{"line":163,"column":2},"end":{"line":174,"column":3}},"106":{"start":{"line":164,"column":4},"end":{"line":166,"column":7}},"107":{"start":{"line":165,"column":6},"end":{"line":165,"column":77}},"108":{"start":{"line":167,"column":4},"end":{"line":169,"column":7}},"109":{"start":{"line":168,"column":6},"end":{"line":168,"column":54}},"110":{"start":{"line":170,"column":4},"end":{"line":170,"column":102}},"111":{"start":{"line":171,"column":4},"end":{"line":171,"column":143}},"112":{"start":{"line":172,"column":4},"end":{"line":172,"column":109}},"113":{"start":{"line":173,"column":4},"end":{"line":173,"column":138}},"114":{"start":{"line":175,"column":2},"end":{"line":183,"column":3}},"115":{"start":{"line":176,"column":4},"end":{"line":176,"column":100}},"116":{"start":{"line":177,"column":4},"end":{"line":177,"column":145}},"117":{"start":{"line":178,"column":4},"end":{"line":178,"column":46}},"118":{"start":{"line":179,"column":4},"end":{"line":182,"column":7}},"119":{"start":{"line":180,"column":6},"end":{"line":180,"column":74}},"120":{"start":{"line":181,"column":6},"end":{"line":181,"column":62}},"121":{"start":{"line":184,"column":2},"end":{"line":188,"column":3}},"122":{"start":{"line":185,"column":4},"end":{"line":185,"column":98}},"123":{"start":{"line":186,"column":4},"end":{"line":186,"column":143}},"124":{"start":{"line":187,"column":4},"end":{"line":187,"column":45}},"125":{"start":{"line":191,"column":0},"end":{"line":191,"column":38}}},"branchMap":{"1":{"line":156,"type":"if","locations":[{"start":{"line":156,"column":4},"end":{"line":156,"column":4}},{"start":{"line":156,"column":4},"end":{"line":156,"column":4}}]},"2":{"line":159,"type":"if","locations":[{"start":{"line":159,"column":4},"end":{"line":159,"column":4}},{"start":{"line":159,"column":4},"end":{"line":159,"column":4}}]}}},"/home/travis/build/arf/java-codegen-liberty/generator-liberty/lib/assert.liberty.js":{"path":"/home/travis/build/arf/java-codegen-liberty/generator-liberty/lib/assert.liberty.js","s":{"1":1,"2":1,"3":1,"4":1,"5":1,"6":1,"7":1,"8":1,"9":1,"10":1,"11":1,"12":113,"13":1,"14":15,"15":1,"16":13,"17":29,"18":29,"19":29,"20":29,"21":29,"22":29,"23":13,"24":5,"25":5,"26":5,"27":5,"28":5,"29":5,"30":5,"31":5,"32":5,"33":5,"34":5,"35":5,"36":13,"37":6,"38":6,"39":6,"40":2,"41":1,"42":2,"43":1,"44":1,"45":1,"46":1,"47":4,"48":2,"49":4,"50":2,"51":2,"52":2,"53":2,"54":2,"55":2,"56":13,"57":4,"58":4,"59":2,"60":2,"61":4,"62":2,"63":13,"64":4,"65":4,"66":4,"67":13,"68":4,"69":4,"70":4,"71":13,"72":28,"73":28,"74":13,"75":66,"76":66,"77":66,"78":13,"79":5,"80":5,"81":5,"82":5,"83":2,"84":2,"85":2,"86":2,"87":2,"88":2,"89":2,"90":2,"91":2,"92":2,"93":5,"94":3,"95":3,"96":3,"97":3,"98":3,"99":3,"100":3,"101":3,"102":5,"103":5,"104":5,"105":5,"106":5,"107":1},"b":{"1":[88,25],"2":[88,25],"3":[88,25],"4":[12,3],"5":[1,4],"6":[2,4],"7":[1,1],"8":[1,1],"9":[2,2],"10":[2,2],"11":[2,2],"12":[2,2],"13":[2,3],"14":[3,2]},"f":{"1":113,"2":15,"3":13,"4":29,"5":29,"6":5,"7":5,"8":5,"9":6,"10":6,"11":4,"12":2,"13":4,"14":4,"15":4,"16":4,"17":28,"18":28,"19":66,"20":66,"21":5,"22":5,"23":2,"24":3,"25":5},"fnMap":{"1":{"name":"getCheck","line":34,"loc":{"start":{"line":34,"column":0},"end":{"line":34,"column":26}}},"2":{"name":"getBuildCheck","line":42,"loc":{"start":{"line":42,"column":0},"end":{"line":42,"column":42}}},"3":{"name":"AssertLiberty","line":48,"loc":{"start":{"line":48,"column":0},"end":{"line":48,"column":25}}},"4":{"name":"(anonymous_4)","line":49,"loc":{"start":{"line":49,"column":24},"end":{"line":49,"column":41}}},"5":{"name":"(anonymous_5)","line":51,"loc":{"start":{"line":51,"column":79},"end":{"line":51,"column":90}}},"6":{"name":"(anonymous_6)","line":60,"loc":{"start":{"line":60,"column":27},"end":{"line":60,"column":55}}},"7":{"name":"(anonymous_7)","line":63,"loc":{"start":{"line":63,"column":72},"end":{"line":63,"column":83}}},"8":{"name":"(anonymous_8)","line":64,"loc":{"start":{"line":64,"column":67},"end":{"line":64,"column":78}}},"9":{"name":"(anonymous_9)","line":80,"loc":{"start":{"line":80,"column":23},"end":{"line":80,"column":56}}},"10":{"name":"(anonymous_10)","line":81,"loc":{"start":{"line":81,"column":60},"end":{"line":81,"column":71}}},"11":{"name":"(anonymous_11)","line":109,"loc":{"start":{"line":109,"column":26},"end":{"line":109,"column":50}}},"12":{"name":"(anonymous_12)","line":112,"loc":{"start":{"line":112,"column":67},"end":{"line":112,"column":78}}},"13":{"name":"(anonymous_13)","line":121,"loc":{"start":{"line":121,"column":20},"end":{"line":121,"column":50}}},"14":{"name":"(anonymous_14)","line":123,"loc":{"start":{"line":123,"column":75},"end":{"line":123,"column":86}}},"15":{"name":"(anonymous_15)","line":128,"loc":{"start":{"line":128,"column":19},"end":{"line":128,"column":49}}},"16":{"name":"(anonymous_16)","line":130,"loc":{"start":{"line":130,"column":70},"end":{"line":130,"column":81}}},"17":{"name":"(anonymous_17)","line":135,"loc":{"start":{"line":135,"column":27},"end":{"line":135,"column":42}}},"18":{"name":"(anonymous_18)","line":136,"loc":{"start":{"line":136,"column":62},"end":{"line":136,"column":73}}},"19":{"name":"(anonymous_19)","line":141,"loc":{"start":{"line":141,"column":23},"end":{"line":141,"column":46}}},"20":{"name":"(anonymous_20)","line":143,"loc":{"start":{"line":143,"column":64},"end":{"line":143,"column":75}}},"21":{"name":"(anonymous_21)","line":147,"loc":{"start":{"line":147,"column":25},"end":{"line":147,"column":65}}},"22":{"name":"(anonymous_22)","line":148,"loc":{"start":{"line":148,"column":60},"end":{"line":148,"column":71}}},"23":{"name":"(anonymous_23)","line":160,"loc":{"start":{"line":160,"column":70},"end":{"line":160,"column":81}}},"24":{"name":"(anonymous_24)","line":171,"loc":{"start":{"line":171,"column":69},"end":{"line":171,"column":80}}},"25":{"name":"(anonymous_25)","line":175,"loc":{"start":{"line":175,"column":56},"end":{"line":175,"column":67}}}},"statementMap":{"1":{"start":{"line":22,"column":0},"end":{"line":22,"column":40}},"2":{"start":{"line":23,"column":0},"end":{"line":23,"column":56}},"3":{"start":{"line":24,"column":0},"end":{"line":24,"column":56}},"4":{"start":{"line":25,"column":0},"end":{"line":25,"column":30}},"5":{"start":{"line":26,"column":0},"end":{"line":26,"column":58}},"6":{"start":{"line":27,"column":0},"end":{"line":27,"column":62}},"7":{"start":{"line":28,"column":0},"end":{"line":28,"column":75}},"8":{"start":{"line":29,"column":0},"end":{"line":29,"column":35}},"9":{"start":{"line":30,"column":0},"end":{"line":30,"column":38}},"10":{"start":{"line":31,"column":0},"end":{"line":31,"column":42}},"11":{"start":{"line":34,"column":0},"end":{"line":40,"column":1}},"12":{"start":{"line":35,"column":2},"end":{"line":39,"column":3}},"13":{"start":{"line":42,"column":0},"end":{"line":46,"column":1}},"14":{"start":{"line":43,"column":2},"end":{"line":45,"column":3}},"15":{"start":{"line":48,"column":0},"end":{"line":183,"column":1}},"16":{"start":{"line":49,"column":2},"end":{"line":58,"column":3}},"17":{"start":{"line":50,"column":4},"end":{"line":50,"column":33}},"18":{"start":{"line":51,"column":4},"end":{"line":56,"column":7}},"19":{"start":{"line":52,"column":6},"end":{"line":52,"column":29}},"20":{"start":{"line":53,"column":6},"end":{"line":53,"column":29}},"21":{"start":{"line":54,"column":6},"end":{"line":54,"column":30}},"22":{"start":{"line":55,"column":6},"end":{"line":55,"column":30}},"23":{"start":{"line":60,"column":2},"end":{"line":78,"column":3}},"24":{"start":{"line":61,"column":4},"end":{"line":61,"column":33}},"25":{"start":{"line":62,"column":4},"end":{"line":62,"column":20}},"26":{"start":{"line":63,"column":4},"end":{"line":77,"column":7}},"27":{"start":{"line":64,"column":6},"end":{"line":66,"column":9}},"28":{"start":{"line":65,"column":10},"end":{"line":65,"column":60}},"29":{"start":{"line":68,"column":6},"end":{"line":68,"column":44}},"30":{"start":{"line":69,"column":6},"end":{"line":69,"column":48}},"31":{"start":{"line":70,"column":6},"end":{"line":70,"column":53}},"32":{"start":{"line":71,"column":6},"end":{"line":71,"column":50}},"33":{"start":{"line":73,"column":6},"end":{"line":73,"column":112}},"34":{"start":{"line":74,"column":6},"end":{"line":74,"column":81}},"35":{"start":{"line":75,"column":6},"end":{"line":75,"column":80}},"36":{"start":{"line":80,"column":2},"end":{"line":107,"column":3}},"37":{"start":{"line":81,"column":4},"end":{"line":106,"column":7}},"38":{"start":{"line":82,"column":6},"end":{"line":82,"column":49}},"39":{"start":{"line":83,"column":6},"end":{"line":105,"column":7}},"40":{"start":{"line":84,"column":8},"end":{"line":86,"column":9}},"41":{"start":{"line":85,"column":10},"end":{"line":85,"column":68}},"42":{"start":{"line":87,"column":8},"end":{"line":92,"column":9}},"43":{"start":{"line":88,"column":10},"end":{"line":88,"column":93}},"44":{"start":{"line":89,"column":10},"end":{"line":89,"column":124}},"45":{"start":{"line":90,"column":10},"end":{"line":90,"column":50}},"46":{"start":{"line":91,"column":10},"end":{"line":91,"column":35}},"47":{"start":{"line":94,"column":8},"end":{"line":96,"column":9}},"48":{"start":{"line":95,"column":10},"end":{"line":95,"column":62}},"49":{"start":{"line":97,"column":8},"end":{"line":104,"column":9}},"50":{"start":{"line":98,"column":10},"end":{"line":98,"column":70}},"51":{"start":{"line":99,"column":10},"end":{"line":99,"column":45}},"52":{"start":{"line":100,"column":10},"end":{"line":100,"column":62}},"53":{"start":{"line":101,"column":10},"end":{"line":101,"column":211}},"54":{"start":{"line":102,"column":10},"end":{"line":102,"column":42}},"55":{"start":{"line":103,"column":10},"end":{"line":103,"column":31}},"56":{"start":{"line":109,"column":2},"end":{"line":119,"column":3}},"57":{"start":{"line":110,"column":4},"end":{"line":110,"column":47}},"58":{"start":{"line":111,"column":4},"end":{"line":115,"column":5}},"59":{"start":{"line":112,"column":6},"end":{"line":114,"column":9}},"60":{"start":{"line":113,"column":8},"end":{"line":113,"column":83}},"61":{"start":{"line":116,"column":4},"end":{"line":118,"column":5}},"62":{"start":{"line":117,"column":6},"end":{"line":117,"column":59}},"63":{"start":{"line":121,"column":2},"end":{"line":126,"column":3}},"64":{"start":{"line":122,"column":4},"end":{"line":122,"column":33}},"65":{"start":{"line":123,"column":4},"end":{"line":125,"column":7}},"66":{"start":{"line":124,"column":6},"end":{"line":124,"column":94}},"67":{"start":{"line":128,"column":2},"end":{"line":133,"column":3}},"68":{"start":{"line":129,"column":4},"end":{"line":129,"column":33}},"69":{"start":{"line":130,"column":4},"end":{"line":132,"column":7}},"70":{"start":{"line":131,"column":6},"end":{"line":131,"column":59}},"71":{"start":{"line":135,"column":2},"end":{"line":139,"column":3}},"72":{"start":{"line":136,"column":4},"end":{"line":138,"column":7}},"73":{"start":{"line":137,"column":6},"end":{"line":137,"column":77}},"74":{"start":{"line":141,"column":2},"end":{"line":146,"column":3}},"75":{"start":{"line":142,"column":4},"end":{"line":142,"column":33}},"76":{"start":{"line":143,"column":4},"end":{"line":145,"column":7}},"77":{"start":{"line":144,"column":6},"end":{"line":144,"column":67}},"78":{"start":{"line":147,"column":2},"end":{"line":182,"column":3}},"79":{"start":{"line":148,"column":4},"end":{"line":181,"column":7}},"80":{"start":{"line":149,"column":6},"end":{"line":149,"column":79}},"81":{"start":{"line":150,"column":6},"end":{"line":150,"column":58}},"82":{"start":{"line":151,"column":6},"end":{"line":163,"column":7}},"83":{"start":{"line":152,"column":8},"end":{"line":152,"column":82}},"84":{"start":{"line":153,"column":8},"end":{"line":153,"column":58}},"85":{"start":{"line":154,"column":8},"end":{"line":154,"column":59}},"86":{"start":{"line":155,"column":8},"end":{"line":155,"column":63}},"87":{"start":{"line":156,"column":8},"end":{"line":156,"column":98}},"88":{"start":{"line":157,"column":8},"end":{"line":157,"column":65}},"89":{"start":{"line":158,"column":8},"end":{"line":158,"column":45}},"90":{"start":{"line":159,"column":8},"end":{"line":159,"column":72}},"91":{"start":{"line":160,"column":8},"end":{"line":162,"column":11}},"92":{"start":{"line":161,"column":10},"end":{"line":161,"column":145}},"93":{"start":{"line":164,"column":6},"end":{"line":174,"column":7}},"94":{"start":{"line":165,"column":8},"end":{"line":165,"column":61}},"95":{"start":{"line":166,"column":8},"end":{"line":166,"column":54}},"96":{"start":{"line":167,"column":8},"end":{"line":167,"column":41}},"97":{"start":{"line":168,"column":8},"end":{"line":168,"column":74}},"98":{"start":{"line":169,"column":8},"end":{"line":169,"column":56}},"99":{"start":{"line":170,"column":8},"end":{"line":170,"column":42}},"100":{"start":{"line":171,"column":8},"end":{"line":173,"column":11}},"101":{"start":{"line":172,"column":10},"end":{"line":172,"column":150}},"102":{"start":{"line":175,"column":6},"end":{"line":180,"column":9}},"103":{"start":{"line":176,"column":8},"end":{"line":176,"column":64}},"104":{"start":{"line":177,"column":8},"end":{"line":177,"column":68}},"105":{"start":{"line":178,"column":8},"end":{"line":178,"column":74}},"106":{"start":{"line":179,"column":8},"end":{"line":179,"column":147}},"107":{"start":{"line":185,"column":0},"end":{"line":185,"column":41}}},"branchMap":{"1":{"line":36,"type":"cond-expr","locations":[{"start":{"line":36,"column":20},"end":{"line":36,"column":31}},{"start":{"line":36,"column":34},"end":{"line":36,"column":47}}]},"2":{"line":37,"type":"cond-expr","locations":[{"start":{"line":37,"column":20},"end":{"line":37,"column":36}},{"start":{"line":37,"column":39},"end":{"line":37,"column":59}}]},"3":{"line":38,"type":"cond-expr","locations":[{"start":{"line":38,"column":23},"end":{"line":38,"column":41}},{"start":{"line":38,"column":44},"end":{"line":38,"column":64}}]},"4":{"line":44,"type":"cond-expr","locations":[{"start":{"line":44,"column":23},"end":{"line":44,"column":58}},{"start":{"line":44,"column":61},"end":{"line":44,"column":98}}]},"5":{"line":73,"type":"cond-expr","locations":[{"start":{"line":73,"column":30},"end":{"line":73,"column":68}},{"start":{"line":73,"column":71},"end":{"line":73,"column":111}}]},"6":{"line":83,"type":"if","locations":[{"start":{"line":83,"column":6},"end":{"line":83,"column":6}},{"start":{"line":83,"column":6},"end":{"line":83,"column":6}}]},"7":{"line":84,"type":"if","locations":[{"start":{"line":84,"column":8},"end":{"line":84,"column":8}},{"start":{"line":84,"column":8},"end":{"line":84,"column":8}}]},"8":{"line":87,"type":"if","locations":[{"start":{"line":87,"column":8},"end":{"line":87,"column":8}},{"start":{"line":87,"column":8},"end":{"line":87,"column":8}}]},"9":{"line":94,"type":"if","locations":[{"start":{"line":94,"column":8},"end":{"line":94,"column":8}},{"start":{"line":94,"column":8},"end":{"line":94,"column":8}}]},"10":{"line":97,"type":"if","locations":[{"start":{"line":97,"column":8},"end":{"line":97,"column":8}},{"start":{"line":97,"column":8},"end":{"line":97,"column":8}}]},"11":{"line":111,"type":"if","locations":[{"start":{"line":111,"column":4},"end":{"line":111,"column":4}},{"start":{"line":111,"column":4},"end":{"line":111,"column":4}}]},"12":{"line":116,"type":"if","locations":[{"start":{"line":116,"column":4},"end":{"line":116,"column":4}},{"start":{"line":116,"column":4},"end":{"line":116,"column":4}}]},"13":{"line":151,"type":"if","locations":[{"start":{"line":151,"column":6},"end":{"line":151,"column":6}},{"start":{"line":151,"column":6},"end":{"line":151,"column":6}}]},"14":{"line":164,"type":"if","locations":[{"start":{"line":164,"column":6},"end":{"line":164,"column":6}},{"start":{"line":164,"column":6},"end":{"line":164,"column":6}}]}}},"/home/travis/build/arf/java-codegen-liberty/generator-liberty/lib/assert.openapi.js":{"path":"/home/travis/build/arf/java-codegen-liberty/generator-liberty/lib/assert.openapi.js","s":{"1":1,"2":1,"3":1,"4":1,"5":8,"6":8,"7":8,"8":8,"9":6,"10":6,"11":6,"12":8,"13":2,"14":2,"15":2,"16":8,"17":0,"18":8,"19":0,"20":1},"b":{"1":[6,2],"2":[6,2],"3":[6,2],"4":[2,6]},"f":{"1":8,"2":8,"3":6,"4":2,"5":0,"6":0},"fnMap":{"1":{"name":"AssertOpenApi","line":26,"loc":{"start":{"line":26,"column":0},"end":{"line":26,"column":25}}},"2":{"name":"(anonymous_2)","line":27,"loc":{"start":{"line":27,"column":18},"end":{"line":27,"column":45}}},"3":{"name":"(anonymous_3)","line":31,"loc":{"start":{"line":31,"column":21},"end":{"line":31,"column":32}}},"4":{"name":"(anonymous_4)","line":37,"loc":{"start":{"line":37,"column":21},"end":{"line":37,"column":32}}},"5":{"name":"(anonymous_5)","line":44,"loc":{"start":{"line":44,"column":22},"end":{"line":44,"column":33}}},"6":{"name":"(anonymous_6)","line":47,"loc":{"start":{"line":47,"column":23},"end":{"line":47,"column":34}}}},"statementMap":{"1":{"start":{"line":22,"column":0},"end":{"line":22,"column":40}},"2":{"start":{"line":23,"column":0},"end":{"line":23,"column":66}},"3":{"start":{"line":24,"column":0},"end":{"line":24,"column":68}},"4":{"start":{"line":26,"column":0},"end":{"line":50,"column":1}},"5":{"start":{"line":27,"column":4},"end":{"line":42,"column":5}},"6":{"start":{"line":28,"column":8},"end":{"line":28,"column":57}},"7":{"start":{"line":29,"column":8},"end":{"line":29,"column":86}},"8":{"start":{"line":30,"column":8},"end":{"line":35,"column":9}},"9":{"start":{"line":31,"column":12},"end":{"line":34,"column":15}},"10":{"start":{"line":32,"column":16},"end":{"line":32,"column":122}},"11":{"start":{"line":33,"column":16},"end":{"line":33,"column":83}},"12":{"start":{"line":36,"column":8},"end":{"line":41,"column":9}},"13":{"start":{"line":37,"column":12},"end":{"line":40,"column":15}},"14":{"start":{"line":38,"column":16},"end":{"line":38,"column":114}},"15":{"start":{"line":39,"column":16},"end":{"line":39,"column":83}},"16":{"start":{"line":44,"column":4},"end":{"line":46,"column":5}},"17":{"start":{"line":45,"column":8},"end":{"line":45,"column":49}},"18":{"start":{"line":47,"column":4},"end":{"line":49,"column":5}},"19":{"start":{"line":48,"column":8},"end":{"line":48,"column":51}},"20":{"start":{"line":52,"column":0},"end":{"line":52,"column":41}}},"branchMap":{"1":{"line":28,"type":"cond-expr","locations":[{"start":{"line":28,"column":29},"end":{"line":28,"column":40}},{"start":{"line":28,"column":43},"end":{"line":28,"column":56}}]},"2":{"line":29,"type":"cond-expr","locations":[{"start":{"line":29,"column":28},"end":{"line":29,"column":51}},{"start":{"line":29,"column":54},"end":{"line":29,"column":85}}]},"3":{"line":30,"type":"if","locations":[{"start":{"line":30,"column":8},"end":{"line":30,"column":8}},{"start":{"line":30,"column":8},"end":{"line":30,"column":8}}]},"4":{"line":36,"type":"if","locations":[{"start":{"line":36,"column":8},"end":{"line":36,"column":8}},{"start":{"line":36,"column":8},"end":{"line":36,"column":8}}]}}},"/home/travis/build/arf/java-codegen-liberty/generator-liberty/generators/app/index.js":{"path":"/home/travis/build/arf/java-codegen-liberty/generator-liberty/generators/app/index.js","s":{"1":1,"2":1,"3":1,"4":1,"5":1,"6":1,"7":1,"8":1,"9":1,"10":43,"11":43,"12":43,"13":43,"14":43,"15":43,"16":43,"17":43,"18":43,"19":43,"20":43,"21":43,"22":43,"23":5,"24":43,"25":43,"26":6,"27":6,"28":6,"29":43,"30":26,"31":43,"32":17,"33":43,"34":6,"35":43},"b":{"1":[43,43],"2":[5,38],"3":[6,37],"4":[43,6,6],"5":[26,17],"6":[17,26],"7":[6,37]},"f":{"1":43,"2":43,"3":43,"4":43,"5":43,"6":43},"fnMap":{"1":{"name":"(anonymous_1)","line":29,"loc":{"start":{"line":29,"column":13},"end":{"line":29,"column":26}}},"2":{"name":"(anonymous_2)","line":44,"loc":{"start":{"line":44,"column":14},"end":{"line":44,"column":17}}},"3":{"name":"(anonymous_3)","line":48,"loc":{"start":{"line":48,"column":11},"end":{"line":48,"column":14}}},"4":{"name":"(anonymous_4)","line":52,"loc":{"start":{"line":52,"column":13},"end":{"line":52,"column":16}}},"5":{"name":"(anonymous_5)","line":67,"loc":{"start":{"line":67,"column":9},"end":{"line":67,"column":12}}},"6":{"name":"(anonymous_6)","line":80,"loc":{"start":{"line":80,"column":5},"end":{"line":80,"column":8}}}},"statementMap":{"1":{"start":{"line":17,"column":0},"end":{"line":17,"column":46}},"2":{"start":{"line":18,"column":0},"end":{"line":18,"column":41}},"3":{"start":{"line":19,"column":0},"end":{"line":19,"column":31}},"4":{"start":{"line":20,"column":0},"end":{"line":20,"column":25}},"5":{"start":{"line":21,"column":0},"end":{"line":21,"column":33}},"6":{"start":{"line":22,"column":0},"end":{"line":22,"column":47}},"7":{"start":{"line":23,"column":0},"end":{"line":23,"column":45}},"8":{"start":{"line":25,"column":0},"end":{"line":25,"column":30}},"9":{"start":{"line":27,"column":0},"end":{"line":83,"column":2}},"10":{"start":{"line":30,"column":4},"end":{"line":30,"column":22}},"11":{"start":{"line":32,"column":4},"end":{"line":32,"column":30}},"12":{"start":{"line":33,"column":4},"end":{"line":33,"column":31}},"13":{"start":{"line":34,"column":4},"end":{"line":34,"column":70}},"14":{"start":{"line":35,"column":4},"end":{"line":35,"column":67}},"15":{"start":{"line":36,"column":4},"end":{"line":36,"column":33}},"16":{"start":{"line":37,"column":4},"end":{"line":37,"column":34}},"17":{"start":{"line":38,"column":4},"end":{"line":38,"column":41}},"18":{"start":{"line":39,"column":4},"end":{"line":39,"column":25}},"19":{"start":{"line":40,"column":4},"end":{"line":40,"column":75}},"20":{"start":{"line":41,"column":4},"end":{"line":41,"column":72}},"21":{"start":{"line":53,"column":4},"end":{"line":53,"column":25}},"22":{"start":{"line":54,"column":4},"end":{"line":56,"column":5}},"23":{"start":{"line":55,"column":6},"end":{"line":55,"column":42}},"24":{"start":{"line":57,"column":4},"end":{"line":57,"column":25}},"25":{"start":{"line":58,"column":4},"end":{"line":64,"column":5}},"26":{"start":{"line":59,"column":6},"end":{"line":59,"column":42}},"27":{"start":{"line":60,"column":6},"end":{"line":63,"column":11}},"28":{"start":{"line":62,"column":10},"end":{"line":62,"column":32}},"29":{"start":{"line":68,"column":4},"end":{"line":70,"column":5}},"30":{"start":{"line":69,"column":6},"end":{"line":69,"column":145}},"31":{"start":{"line":71,"column":4},"end":{"line":73,"column":5}},"32":{"start":{"line":72,"column":6},"end":{"line":72,"column":140}},"33":{"start":{"line":74,"column":4},"end":{"line":76,"column":5}},"34":{"start":{"line":75,"column":6},"end":{"line":75,"column":48}},"35":{"start":{"line":77,"column":4},"end":{"line":77,"column":36}}},"branchMap":{"1":{"line":40,"type":"binary-expr","locations":[{"start":{"line":40,"column":35},"end":{"line":40,"column":65}},{"start":{"line":40,"column":69},"end":{"line":40,"column":74}}]},"2":{"line":54,"type":"if","locations":[{"start":{"line":54,"column":4},"end":{"line":54,"column":4}},{"start":{"line":54,"column":4},"end":{"line":54,"column":4}}]},"3":{"line":58,"type":"if","locations":[{"start":{"line":58,"column":4},"end":{"line":58,"column":4}},{"start":{"line":58,"column":4},"end":{"line":58,"column":4}}]},"4":{"line":58,"type":"binary-expr","locations":[{"start":{"line":58,"column":7},"end":{"line":58,"column":24}},{"start":{"line":58,"column":28},"end":{"line":58,"column":60}},{"start":{"line":58,"column":64},"end":{"line":58,"column":107}}]},"5":{"line":68,"type":"if","locations":[{"start":{"line":68,"column":4},"end":{"line":68,"column":4}},{"start":{"line":68,"column":4},"end":{"line":68,"column":4}}]},"6":{"line":71,"type":"if","locations":[{"start":{"line":71,"column":4},"end":{"line":71,"column":4}},{"start":{"line":71,"column":4},"end":{"line":71,"column":4}}]},"7":{"line":74,"type":"if","locations":[{"start":{"line":74,"column":4},"end":{"line":74,"column":4}},{"start":{"line":74,"column":4},"end":{"line":74,"column":4}}]}}},"/home/travis/build/arf/java-codegen-liberty/generator-liberty/lib/defaults.js":{"path":"/home/travis/build/arf/java-codegen-liberty/generator-liberty/lib/defaults.js","s":{"1":1,"2":1,"3":86,"4":1,"5":1},"b":{"1":[86,0]},"f":{"1":1},"fnMap":{"1":{"name":"(anonymous_1)","line":27,"loc":{"start":{"line":27,"column":13},"end":{"line":27,"column":16}}}},"statementMap":{"1":{"start":{"line":19,"column":0},"end":{"line":19,"column":59}},"2":{"start":{"line":21,"column":0},"end":{"line":24,"column":2}},"3":{"start":{"line":22,"column":112},"end":{"line":22,"column":167}},"4":{"start":{"line":26,"column":0},"end":{"line":30,"column":1}},"5":{"start":{"line":28,"column":4},"end":{"line":28,"column":20}}},"branchMap":{"1":{"line":22,"type":"cond-expr","locations":[{"start":{"line":22,"column":142},"end":{"line":22,"column":147}},{"start":{"line":22,"column":150},"end":{"line":22,"column":166}}]}}},"/home/travis/build/arf/java-codegen-liberty/generator-liberty/lib/openapi.js":{"path":"/home/travis/build/arf/java-codegen-liberty/generator-liberty/lib/openapi.js","s":{"1":1,"2":1,"3":1,"4":1,"5":1,"6":1,"7":1,"8":1,"9":1,"10":1,"11":1,"12":1,"13":1,"14":6,"15":6,"16":6,"17":6,"18":10,"19":10,"20":10,"21":6,"22":6,"23":1,"24":10,"25":10,"26":10,"27":10,"28":10,"29":10,"30":10,"31":0,"32":10,"33":1,"34":10,"35":10,"36":10,"37":10,"38":0,"39":10,"40":1,"41":0,"42":1,"43":6,"44":10,"45":1},"b":{"1":[6,4],"2":[0,10]},"f":{"1":6,"2":10,"3":10,"4":0,"5":6},"fnMap":{"1":{"name":"(anonymous_1)","line":32,"loc":{"start":{"line":32,"column":15},"end":{"line":32,"column":30}}},"2":{"name":"(anonymous_2)","line":49,"loc":{"start":{"line":49,"column":22},"end":{"line":49,"column":36}}},"3":{"name":"(anonymous_3)","line":70,"loc":{"start":{"line":70,"column":26},"end":{"line":70,"column":39}}},"4":{"name":"(anonymous_4)","line":88,"loc":{"start":{"line":88,"column":21},"end":{"line":88,"column":32}}},"5":{"name":"(anonymous_5)","line":94,"loc":{"start":{"line":94,"column":17},"end":{"line":94,"column":43}}}},"statementMap":{"1":{"start":{"line":19,"column":0},"end":{"line":19,"column":29}},"2":{"start":{"line":20,"column":0},"end":{"line":20,"column":25}},"3":{"start":{"line":21,"column":0},"end":{"line":21,"column":29}},"4":{"start":{"line":22,"column":0},"end":{"line":22,"column":25}},"5":{"start":{"line":23,"column":0},"end":{"line":23,"column":77}},"6":{"start":{"line":24,"column":0},"end":{"line":24,"column":51}},"7":{"start":{"line":25,"column":0},"end":{"line":25,"column":61}},"8":{"start":{"line":26,"column":0},"end":{"line":26,"column":32}},"9":{"start":{"line":27,"column":0},"end":{"line":27,"column":35}},"10":{"start":{"line":28,"column":0},"end":{"line":28,"column":36}},"11":{"start":{"line":29,"column":0},"end":{"line":29,"column":48}},"12":{"start":{"line":30,"column":0},"end":{"line":30,"column":30}},"13":{"start":{"line":32,"column":0},"end":{"line":47,"column":1}},"14":{"start":{"line":33,"column":4},"end":{"line":33,"column":24}},"15":{"start":{"line":34,"column":4},"end":{"line":45,"column":7}},"16":{"start":{"line":35,"column":8},"end":{"line":35,"column":18}},"17":{"start":{"line":36,"column":8},"end":{"line":44,"column":11}},"18":{"start":{"line":37,"column":12},"end":{"line":43,"column":15}},"19":{"start":{"line":39,"column":16},"end":{"line":39,"column":37}},"20":{"start":{"line":40,"column":16},"end":{"line":42,"column":17}},"21":{"start":{"line":41,"column":16},"end":{"line":41,"column":36}},"22":{"start":{"line":46,"column":4},"end":{"line":46,"column":13}},"23":{"start":{"line":49,"column":0},"end":{"line":68,"column":1}},"24":{"start":{"line":50,"column":4},"end":{"line":50,"column":36}},"25":{"start":{"line":51,"column":4},"end":{"line":51,"column":52}},"26":{"start":{"line":52,"column":4},"end":{"line":52,"column":23}},"27":{"start":{"line":53,"column":4},"end":{"line":67,"column":6}},"28":{"start":{"line":56,"column":8},"end":{"line":56,"column":27}},"29":{"start":{"line":57,"column":8},"end":{"line":61,"column":10}},"30":{"start":{"line":63,"column":8},"end":{"line":65,"column":9}},"31":{"start":{"line":64,"column":12},"end":{"line":64,"column":60}},"32":{"start":{"line":66,"column":8},"end":{"line":66,"column":39}},"33":{"start":{"line":70,"column":0},"end":{"line":86,"column":1}},"34":{"start":{"line":71,"column":2},"end":{"line":85,"column":4}},"35":{"start":{"line":72,"column":4},"end":{"line":72,"column":36}},"36":{"start":{"line":73,"column":4},"end":{"line":73,"column":52}},"37":{"start":{"line":74,"column":4},"end":{"line":84,"column":6}},"38":{"start":{"line":79,"column":6},"end":{"line":79,"column":88}},"39":{"start":{"line":83,"column":6},"end":{"line":83,"column":22}},"40":{"start":{"line":88,"column":0},"end":{"line":92,"column":1}},"41":{"start":{"line":89,"column":4},"end":{"line":91,"column":7}},"42":{"start":{"line":94,"column":0},"end":{"line":98,"column":1}},"43":{"start":{"line":95,"column":4},"end":{"line":97,"column":7}},"44":{"start":{"line":96,"column":8},"end":{"line":96,"column":108}},"45":{"start":{"line":100,"column":0},"end":{"line":103,"column":1}}},"branchMap":{"1":{"line":40,"type":"if","locations":[{"start":{"line":40,"column":16},"end":{"line":40,"column":16}},{"start":{"line":40,"column":16},"end":{"line":40,"column":16}}]},"2":{"line":63,"type":"if","locations":[{"start":{"line":63,"column":8},"end":{"line":63,"column":8}},{"start":{"line":63,"column":8},"end":{"line":63,"column":8}}]}}},"/home/travis/build/arf/java-codegen-liberty/generator-liberty/generators/prompts/liberty.js":{"path":"/home/travis/build/arf/java-codegen-liberty/generator-liberty/generators/prompts/liberty.js","s":{"1":1,"2":1,"3":0,"4":0,"5":0,"6":1,"7":0,"8":1,"9":0,"10":0,"11":0,"12":0,"13":0,"14":0,"15":0,"16":1,"17":0,"18":0,"19":0,"20":0,"21":0,"22":0,"23":0,"24":1,"25":0,"26":1,"27":0,"28":1},"b":{"1":[0,0],"2":[0,0],"3":[0,0]},"f":{"1":0,"2":0,"3":0,"4":0,"5":0,"6":0,"7":0},"fnMap":{"1":{"name":"Extension","line":21,"loc":{"start":{"line":21,"column":0},"end":{"line":21,"column":27}}},"2":{"name":"(anonymous_2)","line":27,"loc":{"start":{"line":27,"column":32},"end":{"line":27,"column":43}}},"3":{"name":"(anonymous_3)","line":35,"loc":{"start":{"line":35,"column":27},"end":{"line":35,"column":45}}},"4":{"name":"(anonymous_4)","line":49,"loc":{"start":{"line":49,"column":35},"end":{"line":49,"column":46}}},"5":{"name":"(anonymous_5)","line":90,"loc":{"start":{"line":90,"column":15},"end":{"line":90,"column":33}}},"6":{"name":"(anonymous_6)","line":117,"loc":{"start":{"line":117,"column":33},"end":{"line":117,"column":47}}},"7":{"name":"(anonymous_7)","line":121,"loc":{"start":{"line":121,"column":34},"end":{"line":121,"column":60}}}},"statementMap":{"1":{"start":{"line":19,"column":0},"end":{"line":19,"column":35}},"2":{"start":{"line":21,"column":0},"end":{"line":25,"column":1}},"3":{"start":{"line":22,"column":2},"end":{"line":22,"column":22}},"4":{"start":{"line":23,"column":2},"end":{"line":23,"column":23}},"5":{"start":{"line":24,"column":2},"end":{"line":24,"column":27}},"6":{"start":{"line":27,"column":0},"end":{"line":33,"column":1}},"7":{"start":{"line":28,"column":2},"end":{"line":32,"column":4}},"8":{"start":{"line":35,"column":0},"end":{"line":47,"column":1}},"9":{"start":{"line":36,"column":2},"end":{"line":36,"column":21}},"10":{"start":{"line":37,"column":2},"end":{"line":45,"column":3}},"11":{"start":{"line":38,"column":4},"end":{"line":42,"column":5}},"12":{"start":{"line":39,"column":6},"end":{"line":39,"column":50}},"13":{"start":{"line":41,"column":6},"end":{"line":41,"column":54}},"14":{"start":{"line":44,"column":4},"end":{"line":44,"column":52}},"15":{"start":{"line":46,"column":2},"end":{"line":46,"column":16}},"16":{"start":{"line":49,"column":0},"end":{"line":115,"column":1}},"17":{"start":{"line":50,"column":2},"end":{"line":114,"column":5}},"18":{"start":{"line":83,"column":30},"end":{"line":83,"column":52}},"19":{"start":{"line":91,"column":6},"end":{"line":93,"column":7}},"20":{"start":{"line":92,"column":8},"end":{"line":92,"column":58}},"21":{"start":{"line":94,"column":6},"end":{"line":94,"column":18}},"22":{"start":{"line":107,"column":28},"end":{"line":107,"column":54}},"23":{"start":{"line":113,"column":28},"end":{"line":113,"column":54}},"24":{"start":{"line":117,"column":0},"end":{"line":119,"column":1}},"25":{"start":{"line":118,"column":2},"end":{"line":118,"column":21}},"26":{"start":{"line":121,"column":0},"end":{"line":123,"column":1}},"27":{"start":{"line":122,"column":2},"end":{"line":122,"column":39}},"28":{"start":{"line":125,"column":0},"end":{"line":125,"column":37}}},"branchMap":{"1":{"line":37,"type":"if","locations":[{"start":{"line":37,"column":2},"end":{"line":37,"column":2}},{"start":{"line":37,"column":2},"end":{"line":37,"column":2}}]},"2":{"line":38,"type":"if","locations":[{"start":{"line":38,"column":4},"end":{"line":38,"column":4}},{"start":{"line":38,"column":4},"end":{"line":38,"column":4}}]},"3":{"line":91,"type":"if","locations":[{"start":{"line":91,"column":6},"end":{"line":91,"column":6}},{"start":{"line":91,"column":6},"end":{"line":91,"column":6}}]}}}}