TN:
SF:/home/travis/build/arf/java-codegen-liberty/generator-liberty/lib/assert.technologies.js
FN:28,AssertTech
FN:29,(anonymous_2)
FN:30,(anonymous_3)
FN:33,(anonymous_4)
FN:40,(anonymous_5)
FN:42,(anonymous_6)
FN:46,(anonymous_7)
FN:47,(anonymous_8)
FN:54,(anonymous_9)
FN:58,(anonymous_10)
FN:59,(anonymous_11)
FN:62,(anonymous_12)
FN:65,(anonymous_13)
FN:68,(anonymous_14)
FN:78,(anonymous_15)
FN:79,(anonymous_16)
FN:82,(anonymous_17)
FN:87,(anonymous_18)
FN:88,(anonymous_19)
FN:91,(anonymous_20)
FN:96,(anonymous_21)
FN:101,(anonymous_22)
FN:102,(anonymous_23)
FN:105,(anonymous_24)
FN:112,(anonymous_25)
FN:113,(anonymous_26)
FN:116,(anonymous_27)
FN:122,(anonymous_28)
FN:123,(anonymous_29)
FN:126,(anonymous_30)
FN:133,(anonymous_31)
FN:134,(anonymous_32)
FN:137,(anonymous_33)
FN:142,(anonymous_34)
FN:143,(anonymous_35)
FN:146,(anonymous_36)
FN:154,(anonymous_37)
FN:155,(anonymous_38)
FN:158,(anonymous_39)
FN:166,(anonymous_40)
FN:170,(anonymous_41)
FN:175,(anonymous_42)
FNF:42
FNH:41
FNDA:25,AssertTech
FNDA:24,(anonymous_2)
FNDA:24,(anonymous_3)
FNDA:24,(anonymous_4)
FNDA:23,(anonymous_5)
FNDA:23,(anonymous_6)
FNDA:4,(anonymous_7)
FNDA:4,(anonymous_8)
FNDA:4,(anonymous_9)
FNDA:7,(anonymous_10)
FNDA:7,(anonymous_11)
FNDA:7,(anonymous_12)
FNDA:7,(anonymous_13)
FNDA:7,(anonymous_14)
FNDA:4,(anonymous_15)
FNDA:4,(anonymous_16)
FNDA:4,(anonymous_17)
FNDA:4,(anonymous_18)
FNDA:4,(anonymous_19)
FNDA:4,(anonymous_20)
FNDA:8,(anonymous_21)
FNDA:6,(anonymous_22)
FNDA:6,(anonymous_23)
FNDA:6,(anonymous_24)
FNDA:5,(anonymous_25)
FNDA:5,(anonymous_26)
FNDA:5,(anonymous_27)
FNDA:4,(anonymous_28)
FNDA:4,(anonymous_29)
FNDA:4,(anonymous_30)
FNDA:7,(anonymous_31)
FNDA:7,(anonymous_32)
FNDA:7,(anonymous_33)
FNDA:4,(anonymous_34)
FNDA:4,(anonymous_35)
FNDA:4,(anonymous_36)
FNDA:3,(anonymous_37)
FNDA:3,(anonymous_38)
FNDA:3,(anonymous_39)
FNDA:2,(anonymous_40)
FNDA:2,(anonymous_41)
FNDA:0,(anonymous_42)
DA:21,1
DA:22,1
DA:23,1
DA:24,1
DA:25,1
DA:26,1
DA:28,1
DA:29,25
DA:30,24
DA:31,24
DA:33,24
DA:34,24
DA:35,24
DA:37,24
DA:38,24
DA:40,25
DA:41,23
DA:42,23
DA:43,23
DA:46,25
DA:47,4
DA:48,4
DA:49,4
DA:50,4
DA:51,4
DA:52,4
DA:54,4
DA:55,4
DA:58,25
DA:59,7
DA:60,7
DA:62,7
DA:63,7
DA:65,7
DA:66,7
DA:68,7
DA:69,7
DA:71,7
DA:72,7
DA:73,7
DA:74,7
DA:75,7
DA:76,7
DA:78,25
DA:79,4
DA:80,4
DA:82,4
DA:83,4
DA:85,4
DA:87,25
DA:88,4
DA:89,4
DA:91,4
DA:92,4
DA:94,4
DA:96,25
DA:97,8
DA:98,8
DA:99,8
DA:101,25
DA:102,6
DA:103,6
DA:105,6
DA:106,6
DA:108,6
DA:109,6
DA:110,6
DA:112,25
DA:113,5
DA:114,5
DA:116,5
DA:117,5
DA:119,5
DA:120,5
DA:122,25
DA:123,4
DA:124,4
DA:126,4
DA:127,4
DA:129,4
DA:130,4
DA:131,4
DA:133,25
DA:134,7
DA:135,7
DA:137,7
DA:138,7
DA:140,7
DA:142,25
DA:143,4
DA:144,4
DA:146,4
DA:147,4
DA:149,4
DA:150,4
DA:151,4
DA:152,4
DA:154,25
DA:155,3
DA:156,3
DA:158,3
DA:159,3
DA:161,3
DA:162,3
DA:163,3
DA:164,3
DA:166,25
DA:167,2
DA:168,2
DA:169,2
DA:170,2
DA:171,2
DA:172,2
DA:175,25
DA:176,0
DA:177,0
DA:178,0
DA:182,1
LF:118
LH:115
BRF:0
BRH:0
end_of_record
TN:
SF:/home/travis/build/arf/java-codegen-liberty/generator-liberty/lib/assert.liberty.js
FN:34,getCheck
FN:42,getBuildCheck
FN:48,AssertLiberty
FN:49,(anonymous_4)
FN:51,(anonymous_5)
FN:60,(anonymous_6)
FN:63,(anonymous_7)
FN:64,(anonymous_8)
FN:80,(anonymous_9)
FN:81,(anonymous_10)
FN:109,(anonymous_11)
FN:112,(anonymous_12)
FN:121,(anonymous_13)
FN:138,(anonymous_14)
FN:140,(anonymous_15)
FN:145,(anonymous_16)
FN:147,(anonymous_17)
FN:152,(anonymous_18)
FN:153,(anonymous_19)
FN:158,(anonymous_20)
FN:160,(anonymous_21)
FN:165,(anonymous_22)
FN:167,(anonymous_23)
FN:173,(anonymous_24)
FN:174,(anonymous_25)
FN:186,(anonymous_26)
FN:197,(anonymous_27)
FN:201,(anonymous_28)
FNF:28
FNH:26
FNDA:114,getCheck
FNDA:13,getBuildCheck
FNDA:11,AssertLiberty
FNDA:29,(anonymous_4)
FNDA:29,(anonymous_5)
FNDA:5,(anonymous_6)
FNDA:5,(anonymous_7)
FNDA:5,(anonymous_8)
FNDA:6,(anonymous_9)
FNDA:6,(anonymous_10)
FNDA:2,(anonymous_11)
FNDA:1,(anonymous_12)
FNDA:4,(anonymous_13)
FNDA:4,(anonymous_14)
FNDA:4,(anonymous_15)
FNDA:4,(anonymous_16)
FNDA:4,(anonymous_17)
FNDA:28,(anonymous_18)
FNDA:28,(anonymous_19)
FNDA:67,(anonymous_20)
FNDA:67,(anonymous_21)
FNDA:0,(anonymous_22)
FNDA:0,(anonymous_23)
FNDA:5,(anonymous_24)
FNDA:5,(anonymous_25)
FNDA:2,(anonymous_26)
FNDA:3,(anonymous_27)
FNDA:5,(anonymous_28)
DA:22,1
DA:23,1
DA:24,1
DA:25,1
DA:26,1
DA:27,1
DA:28,1
DA:29,1
DA:30,1
DA:31,1
DA:34,1
DA:35,114
DA:42,1
DA:43,13
DA:48,1
DA:49,11
DA:50,29
DA:51,29
DA:52,29
DA:53,29
DA:54,29
DA:55,29
DA:60,11
DA:61,5
DA:62,5
DA:63,5
DA:64,5
DA:65,5
DA:68,5
DA:69,5
DA:70,5
DA:71,5
DA:73,5
DA:74,5
DA:75,5
DA:80,11
DA:81,6
DA:82,6
DA:83,6
DA:84,2
DA:85,1
DA:87,2
DA:88,1
DA:89,1
DA:90,1
DA:91,1
DA:94,4
DA:95,2
DA:97,4
DA:98,2
DA:99,2
DA:100,2
DA:101,2
DA:102,2
DA:103,2
DA:109,11
DA:110,2
DA:111,2
DA:112,1
DA:113,1
DA:116,2
DA:117,1
DA:121,11
DA:122,4
DA:123,4
DA:124,4
DA:125,4
DA:126,2
DA:127,2
DA:128,2
DA:129,2
DA:131,4
DA:132,2
DA:133,2
DA:134,2
DA:138,11
DA:139,4
DA:140,4
DA:141,4
DA:145,11
DA:146,4
DA:147,4
DA:148,4
DA:152,11
DA:153,28
DA:154,28
DA:158,11
DA:159,67
DA:160,67
DA:161,67
DA:165,11
DA:166,0
DA:167,0
DA:169,0
DA:173,11
DA:174,5
DA:175,5
DA:176,5
DA:177,5
DA:178,2
DA:179,2
DA:180,2
DA:181,2
DA:182,2
DA:183,2
DA:184,2
DA:185,2
DA:186,2
DA:187,2
DA:190,5
DA:191,3
DA:192,3
DA:193,3
DA:194,3
DA:195,3
DA:196,3
DA:197,3
DA:198,3
DA:201,5
DA:202,5
DA:203,5
DA:204,5
DA:205,5
DA:211,1
LF:124
LH:121
BRDA:36,1,0,89
BRDA:36,1,1,25
BRDA:37,2,0,89
BRDA:37,2,1,25
BRDA:38,3,0,89
BRDA:38,3,1,25
BRDA:44,4,0,10
BRDA:44,4,1,3
BRDA:73,5,0,1
BRDA:73,5,1,4
BRDA:83,6,0,2
BRDA:83,6,1,4
BRDA:84,7,0,1
BRDA:84,7,1,1
BRDA:87,8,0,1
BRDA:87,8,1,1
BRDA:94,9,0,2
BRDA:94,9,1,2
BRDA:97,10,0,2
BRDA:97,10,1,2
BRDA:111,11,0,1
BRDA:111,11,1,1
BRDA:116,12,0,1
BRDA:116,12,1,1
BRDA:125,13,0,2
BRDA:125,13,1,2
BRDA:131,14,0,2
BRDA:131,14,1,2
BRDA:177,15,0,2
BRDA:177,15,1,3
BRDA:190,16,0,3
BRDA:190,16,1,2
BRF:32
BRH:32
end_of_record
TN:
SF:/home/travis/build/arf/java-codegen-liberty/generator-liberty/lib/assert.openapi.js
FN:26,AssertOpenApi
FN:27,(anonymous_2)
FN:31,(anonymous_3)
FN:37,(anonymous_4)
FN:44,(anonymous_5)
FN:47,(anonymous_6)
FNF:6
FNH:4
FNDA:8,AssertOpenApi
FNDA:8,(anonymous_2)
FNDA:6,(anonymous_3)
FNDA:2,(anonymous_4)
FNDA:0,(anonymous_5)
FNDA:0,(anonymous_6)
DA:22,1
DA:23,1
DA:24,1
DA:26,1
DA:27,8
DA:28,8
DA:29,8
DA:30,8
DA:31,6
DA:32,6
DA:33,6
DA:36,8
DA:37,2
DA:38,2
DA:39,2
DA:44,8
DA:45,0
DA:47,8
DA:48,0
DA:52,1
LF:20
LH:18
BRDA:28,1,0,6
BRDA:28,1,1,2
BRDA:29,2,0,6
BRDA:29,2,1,2
BRDA:30,3,0,6
BRDA:30,3,1,2
BRDA:36,4,0,2
BRDA:36,4,1,6
BRF:8
BRH:8
end_of_record
TN:
SF:/home/travis/build/arf/java-codegen-liberty/generator-liberty/generators/app/index.js
FN:29,(anonymous_1)
FN:44,(anonymous_2)
FN:48,(anonymous_3)
FN:52,(anonymous_4)
FN:67,(anonymous_5)
FN:80,(anonymous_6)
FNF:6
FNH:6
FNDA:41,(anonymous_1)
FNDA:41,(anonymous_2)
FNDA:41,(anonymous_3)
FNDA:41,(anonymous_4)
FNDA:41,(anonymous_5)
FNDA:41,(anonymous_6)
DA:17,1
DA:18,1
DA:19,1
DA:20,1
DA:21,1
DA:22,1
DA:23,1
DA:25,1
DA:27,1
DA:30,41
DA:32,41
DA:33,41
DA:34,41
DA:35,41
DA:36,41
DA:37,41
DA:38,41
DA:39,41
DA:40,41
DA:41,41
DA:53,41
DA:54,41
DA:55,4
DA:57,41
DA:58,41
DA:59,6
DA:60,6
DA:62,6
DA:68,41
DA:69,25
DA:71,41
DA:72,16
DA:74,41
DA:75,6
DA:77,41
LF:35
LH:35
BRDA:40,1,0,41
BRDA:40,1,1,41
BRDA:54,2,0,4
BRDA:54,2,1,37
BRDA:58,3,0,6
BRDA:58,3,1,35
BRDA:58,4,0,41
BRDA:58,4,1,6
BRDA:58,4,2,6
BRDA:68,5,0,25
BRDA:68,5,1,16
BRDA:71,6,0,16
BRDA:71,6,1,25
BRDA:74,7,0,6
BRDA:74,7,1,35
BRF:15
BRH:15
end_of_record
TN:
SF:/home/travis/build/arf/java-codegen-liberty/generator-liberty/lib/defaults.js
FN:27,(anonymous_1)
FNF:1
FNH:1
FNDA:1,(anonymous_1)
DA:19,1
DA:21,1
DA:22,82
DA:26,1
DA:28,1
LF:5
LH:5
BRDA:22,1,0,82
BRDA:22,1,1,0
BRF:2
BRH:1
end_of_record
TN:
SF:/home/travis/build/arf/java-codegen-liberty/generator-liberty/lib/openapi.js
FN:32,(anonymous_1)
FN:49,(anonymous_2)
FN:70,(anonymous_3)
FN:88,(anonymous_4)
FN:94,(anonymous_5)
FNF:5
FNH:4
FNDA:6,(anonymous_1)
FNDA:10,(anonymous_2)
FNDA:10,(anonymous_3)
FNDA:0,(anonymous_4)
FNDA:6,(anonymous_5)
DA:19,1
DA:20,1
DA:21,1
DA:22,1
DA:23,1
DA:24,1
DA:25,1
DA:26,1
DA:27,1
DA:28,1
DA:29,1
DA:30,1
DA:32,1
DA:33,6
DA:34,6
DA:35,6
DA:36,6
DA:37,10
DA:39,10
DA:40,10
DA:41,6
DA:46,6
DA:49,1
DA:50,10
DA:51,10
DA:52,10
DA:53,10
DA:56,10
DA:57,10
DA:63,10
DA:64,0
DA:66,10
DA:70,1
DA:71,10
DA:72,10
DA:73,10
DA:74,10
DA:79,0
DA:83,10
DA:88,1
DA:89,0
DA:94,1
DA:95,6
DA:96,10
DA:100,1
LF:45
LH:42
BRDA:40,1,0,6
BRDA:40,1,1,4
BRDA:63,2,0,0
BRDA:63,2,1,10
BRF:4
BRH:3
end_of_record
TN:
SF:/home/travis/build/arf/java-codegen-liberty/generator-liberty/generators/prompts/liberty.js
FN:21,Extension
FN:27,(anonymous_2)
FN:35,(anonymous_3)
FN:49,(anonymous_4)
FN:90,(anonymous_5)
FN:117,(anonymous_6)
FN:121,(anonymous_7)
FNF:7
FNH:0
FNDA:0,Extension
FNDA:0,(anonymous_2)
FNDA:0,(anonymous_3)
FNDA:0,(anonymous_4)
FNDA:0,(anonymous_5)
FNDA:0,(anonymous_6)
FNDA:0,(anonymous_7)
DA:19,1
DA:21,1
DA:22,0
DA:23,0
DA:24,0
DA:27,1
DA:28,0
DA:35,1
DA:36,0
DA:37,0
DA:38,0
DA:39,0
DA:41,0
DA:44,0
DA:46,0
DA:49,1
DA:50,0
DA:83,0
DA:91,0
DA:92,0
DA:94,0
DA:107,0
DA:113,0
DA:117,1
DA:118,0
DA:121,1
DA:122,0
DA:125,1
LF:28
LH:8
BRDA:37,1,0,0
BRDA:37,1,1,0
BRDA:38,2,0,0
BRDA:38,2,1,0
BRDA:91,3,0,0
BRDA:91,3,1,0
BRF:6
BRH:0
end_of_record
