TN:
SF:/home/travis/build/arf/java-codegen-liberty/generator-liberty/lib/assert.technologies.js
FN:24,AssertLiberty
FN:25,(anonymous_2)
FN:26,(anonymous_3)
FN:29,(anonymous_4)
FN:34,(anonymous_5)
FN:37,(anonymous_6)
FN:40,(anonymous_7)
FN:45,(anonymous_8)
FN:46,(anonymous_9)
FN:49,(anonymous_10)
FN:52,(anonymous_11)
FN:56,(anonymous_12)
FN:57,(anonymous_13)
FN:61,(anonymous_14)
FN:62,(anonymous_15)
FN:66,(anonymous_16)
FN:67,(anonymous_17)
FN:71,(anonymous_18)
FN:72,(anonymous_19)
FN:76,(anonymous_20)
FN:77,(anonymous_21)
FN:81,(anonymous_22)
FN:82,(anonymous_23)
FN:86,(anonymous_24)
FN:87,(anonymous_25)
FNF:25
FNH:23
FNDA:14,AssertLiberty
FNDA:14,(anonymous_2)
FNDA:14,(anonymous_3)
FNDA:14,(anonymous_4)
FNDA:13,(anonymous_5)
FNDA:0,(anonymous_6)
FNDA:0,(anonymous_7)
FNDA:3,(anonymous_8)
FNDA:3,(anonymous_9)
FNDA:3,(anonymous_10)
FNDA:3,(anonymous_11)
FNDA:5,(anonymous_12)
FNDA:5,(anonymous_13)
FNDA:3,(anonymous_14)
FNDA:3,(anonymous_15)
FNDA:4,(anonymous_16)
FNDA:4,(anonymous_17)
FNDA:5,(anonymous_18)
FNDA:5,(anonymous_19)
FNDA:3,(anonymous_20)
FNDA:3,(anonymous_21)
FNDA:2,(anonymous_22)
FNDA:2,(anonymous_23)
FNDA:4,(anonymous_24)
FNDA:4,(anonymous_25)
DA:21,1
DA:22,1
DA:24,1
DA:25,14
DA:26,14
DA:27,14
DA:29,14
DA:30,14
DA:31,14
DA:34,14
DA:35,13
DA:37,14
DA:38,0
DA:39,0
DA:40,0
DA:41,0
DA:43,0
DA:45,14
DA:46,3
DA:47,3
DA:49,3
DA:50,3
DA:52,3
DA:53,3
DA:56,14
DA:57,5
DA:58,5
DA:61,14
DA:62,3
DA:63,3
DA:66,14
DA:67,4
DA:68,4
DA:71,14
DA:72,5
DA:73,5
DA:76,14
DA:77,3
DA:78,3
DA:81,14
DA:82,2
DA:83,2
DA:86,14
DA:87,4
DA:88,4
DA:93,1
LF:46
LH:41
BRF:0
BRH:0
end_of_record
TN:
SF:/home/travis/build/arf/java-codegen-liberty/generator-liberty/generators/app/index.js
FN:26,(anonymous_1)
FN:35,(anonymous_2)
FN:39,(anonymous_3)
FN:43,(anonymous_4)
FN:47,(anonymous_5)
FN:51,(anonymous_6)
FNF:6
FNH:6
FNDA:14,(anonymous_1)
FNDA:14,(anonymous_2)
FNDA:14,(anonymous_3)
FNDA:14,(anonymous_4)
FNDA:14,(anonymous_5)
FNDA:14,(anonymous_6)
DA:17,1
DA:18,1
DA:19,1
DA:20,1
DA:21,1
DA:24,1
DA:27,14
DA:28,14
DA:29,14
DA:30,14
DA:31,14
DA:32,14
DA:44,14
DA:48,14
LF:14
LH:14
BRF:0
BRH:0
end_of_record
TN:
SF:/home/travis/build/arf/java-codegen-liberty/generator-liberty/generators/prompts/liberty.js
FN:21,Extension
FN:27,(anonymous_2)
FN:35,(anonymous_3)
FN:49,(anonymous_4)
FN:94,(anonymous_5)
FN:109,(anonymous_6)
FN:113,(anonymous_7)
FNF:7
FNH:0
FNDA:0,Extension
FNDA:0,(anonymous_2)
FNDA:0,(anonymous_3)
FNDA:0,(anonymous_4)
FNDA:0,(anonymous_5)
FNDA:0,(anonymous_6)
FNDA:0,(anonymous_7)
DA:19,1
DA:21,1
DA:22,0
DA:23,0
DA:24,0
DA:27,1
DA:28,0
DA:35,1
DA:36,0
DA:37,0
DA:38,0
DA:39,0
DA:41,0
DA:44,0
DA:46,0
DA:49,1
DA:50,0
DA:87,0
DA:95,0
DA:96,0
DA:98,0
DA:109,1
DA:110,0
DA:113,1
DA:114,0
DA:115,0
DA:117,0
DA:121,1
LF:28
LH:8
BRDA:37,1,0,0
BRDA:37,1,1,0
BRDA:38,2,0,0
BRDA:38,2,1,0
BRDA:95,3,0,0
BRDA:95,3,1,0
BRDA:114,4,0,0
BRDA:114,4,1,0
BRF:8
BRH:0
end_of_record
