{"/home/travis/build/arf/java-codegen-liberty/generator-liberty/lib/defaults.js":{"path":"/home/travis/build/arf/java-codegen-liberty/generator-liberty/lib/defaults.js","s":{"1":1,"2":2,"3":1,"4":3,"5":1,"6":3,"7":1,"8":2,"9":1,"10":0,"11":0,"12":0,"13":0,"14":0,"15":1},"b":{"1":[1,1],"2":[1,2],"3":[0,0],"4":[0,0]},"f":{"1":3,"2":3,"3":0},"fnMap":{"1":{"name":"(anonymous_1)","line":24,"loc":{"start":{"line":24,"column":23},"end":{"line":24,"column":38}}},"2":{"name":"(anonymous_2)","line":28,"loc":{"start":{"line":28,"column":10},"end":{"line":28,"column":25}}},"3":{"name":"(anonymous_3)","line":36,"loc":{"start":{"line":36,"column":15},"end":{"line":36,"column":31}}}},"statementMap":{"1":{"start":{"line":19,"column":0},"end":{"line":22,"column":2}},"2":{"start":{"line":20,"column":112},"end":{"line":20,"column":167}},"3":{"start":{"line":24,"column":0},"end":{"line":26,"column":1}},"4":{"start":{"line":25,"column":2},"end":{"line":25,"column":24}},"5":{"start":{"line":28,"column":0},"end":{"line":34,"column":1}},"6":{"start":{"line":29,"column":2},"end":{"line":33,"column":3}},"7":{"start":{"line":30,"column":4},"end":{"line":30,"column":33}},"8":{"start":{"line":32,"column":4},"end":{"line":32,"column":34}},"9":{"start":{"line":36,"column":0},"end":{"line":44,"column":1}},"10":{"start":{"line":37,"column":2},"end":{"line":39,"column":3}},"11":{"start":{"line":38,"column":4},"end":{"line":38,"column":29}},"12":{"start":{"line":40,"column":2},"end":{"line":42,"column":3}},"13":{"start":{"line":41,"column":4},"end":{"line":41,"column":17}},"14":{"start":{"line":43,"column":2},"end":{"line":43,"column":15}},"15":{"start":{"line":46,"column":0},"end":{"line":49,"column":2}}},"branchMap":{"1":{"line":20,"type":"cond-expr","locations":[{"start":{"line":20,"column":142},"end":{"line":20,"column":147}},{"start":{"line":20,"column":150},"end":{"line":20,"column":166}}]},"2":{"line":29,"type":"if","locations":[{"start":{"line":29,"column":2},"end":{"line":29,"column":2}},{"start":{"line":29,"column":2},"end":{"line":29,"column":2}}]},"3":{"line":37,"type":"if","locations":[{"start":{"line":37,"column":2},"end":{"line":37,"column":2}},{"start":{"line":37,"column":2},"end":{"line":37,"column":2}}]},"4":{"line":40,"type":"if","locations":[{"start":{"line":40,"column":2},"end":{"line":40,"column":2}},{"start":{"line":40,"column":2},"end":{"line":40,"column":2}}]}}}}