{"/home/travis/build/arf/java-codegen-liberty/generator-liberty/lib/assert.liberty.js":{"path":"/home/travis/build/arf/java-codegen-liberty/generator-liberty/lib/assert.liberty.js","s":{"1":1,"2":1,"3":1,"4":1,"5":1,"6":1,"7":1,"8":63,"9":1,"10":3,"11":24,"12":24,"13":24,"14":24,"15":24,"16":3,"17":2,"18":2,"19":1,"20":2,"21":1,"22":1,"23":1,"24":1,"25":1,"26":1,"27":3,"28":2,"29":2,"30":2,"31":3,"32":2,"33":2,"34":2,"35":3,"36":24,"37":24,"38":3,"39":35,"40":35,"41":35,"42":1},"b":{"1":[61,2],"2":[61,2],"3":[61,2],"4":[1,1],"5":[1,1]},"f":{"1":63,"2":3,"3":24,"4":24,"5":2,"6":2,"7":2,"8":2,"9":2,"10":2,"11":24,"12":24,"13":35,"14":35},"fnMap":{"1":{"name":"getCheck","line":30,"loc":{"start":{"line":30,"column":0},"end":{"line":30,"column":26}}},"2":{"name":"AssertLiberty","line":38,"loc":{"start":{"line":38,"column":0},"end":{"line":38,"column":25}}},"3":{"name":"(anonymous_3)","line":39,"loc":{"start":{"line":39,"column":24},"end":{"line":39,"column":41}}},"4":{"name":"(anonymous_4)","line":41,"loc":{"start":{"line":41,"column":66},"end":{"line":41,"column":77}}},"5":{"name":"(anonymous_5)","line":48,"loc":{"start":{"line":48,"column":23},"end":{"line":48,"column":43}}},"6":{"name":"(anonymous_6)","line":49,"loc":{"start":{"line":49,"column":54},"end":{"line":49,"column":65}}},"7":{"name":"(anonymous_7)","line":64,"loc":{"start":{"line":64,"column":20},"end":{"line":64,"column":50}}},"8":{"name":"(anonymous_8)","line":66,"loc":{"start":{"line":66,"column":75},"end":{"line":66,"column":86}}},"9":{"name":"(anonymous_9)","line":71,"loc":{"start":{"line":71,"column":19},"end":{"line":71,"column":49}}},"10":{"name":"(anonymous_10)","line":73,"loc":{"start":{"line":73,"column":70},"end":{"line":73,"column":81}}},"11":{"name":"(anonymous_11)","line":78,"loc":{"start":{"line":78,"column":27},"end":{"line":78,"column":42}}},"12":{"name":"(anonymous_12)","line":79,"loc":{"start":{"line":79,"column":62},"end":{"line":79,"column":73}}},"13":{"name":"(anonymous_13)","line":84,"loc":{"start":{"line":84,"column":23},"end":{"line":84,"column":46}}},"14":{"name":"(anonymous_14)","line":86,"loc":{"start":{"line":86,"column":64},"end":{"line":86,"column":75}}}},"statementMap":{"1":{"start":{"line":22,"column":0},"end":{"line":22,"column":40}},"2":{"start":{"line":23,"column":0},"end":{"line":23,"column":56}},"3":{"start":{"line":24,"column":0},"end":{"line":24,"column":56}},"4":{"start":{"line":25,"column":0},"end":{"line":25,"column":62}},"5":{"start":{"line":26,"column":0},"end":{"line":26,"column":35}},"6":{"start":{"line":27,"column":0},"end":{"line":27,"column":42}},"7":{"start":{"line":30,"column":0},"end":{"line":36,"column":1}},"8":{"start":{"line":31,"column":2},"end":{"line":35,"column":3}},"9":{"start":{"line":38,"column":0},"end":{"line":90,"column":1}},"10":{"start":{"line":39,"column":2},"end":{"line":46,"column":3}},"11":{"start":{"line":40,"column":4},"end":{"line":40,"column":33}},"12":{"start":{"line":41,"column":4},"end":{"line":45,"column":7}},"13":{"start":{"line":42,"column":6},"end":{"line":42,"column":29}},"14":{"start":{"line":43,"column":6},"end":{"line":43,"column":29}},"15":{"start":{"line":44,"column":6},"end":{"line":44,"column":30}},"16":{"start":{"line":48,"column":2},"end":{"line":62,"column":3}},"17":{"start":{"line":49,"column":4},"end":{"line":61,"column":7}},"18":{"start":{"line":50,"column":6},"end":{"line":52,"column":7}},"19":{"start":{"line":51,"column":8},"end":{"line":51,"column":81}},"20":{"start":{"line":53,"column":6},"end":{"line":60,"column":7}},"21":{"start":{"line":54,"column":8},"end":{"line":54,"column":68}},"22":{"start":{"line":55,"column":8},"end":{"line":55,"column":43}},"23":{"start":{"line":56,"column":8},"end":{"line":56,"column":60}},"24":{"start":{"line":57,"column":8},"end":{"line":57,"column":180}},"25":{"start":{"line":58,"column":8},"end":{"line":58,"column":40}},"26":{"start":{"line":59,"column":8},"end":{"line":59,"column":49}},"27":{"start":{"line":64,"column":2},"end":{"line":69,"column":3}},"28":{"start":{"line":65,"column":4},"end":{"line":65,"column":33}},"29":{"start":{"line":66,"column":4},"end":{"line":68,"column":7}},"30":{"start":{"line":67,"column":6},"end":{"line":67,"column":94}},"31":{"start":{"line":71,"column":2},"end":{"line":76,"column":3}},"32":{"start":{"line":72,"column":4},"end":{"line":72,"column":33}},"33":{"start":{"line":73,"column":4},"end":{"line":75,"column":7}},"34":{"start":{"line":74,"column":6},"end":{"line":74,"column":59}},"35":{"start":{"line":78,"column":2},"end":{"line":82,"column":3}},"36":{"start":{"line":79,"column":4},"end":{"line":81,"column":7}},"37":{"start":{"line":80,"column":6},"end":{"line":80,"column":77}},"38":{"start":{"line":84,"column":2},"end":{"line":89,"column":3}},"39":{"start":{"line":85,"column":4},"end":{"line":85,"column":33}},"40":{"start":{"line":86,"column":4},"end":{"line":88,"column":7}},"41":{"start":{"line":87,"column":6},"end":{"line":87,"column":67}},"42":{"start":{"line":92,"column":0},"end":{"line":92,"column":41}}},"branchMap":{"1":{"line":32,"type":"cond-expr","locations":[{"start":{"line":32,"column":20},"end":{"line":32,"column":31}},{"start":{"line":32,"column":34},"end":{"line":32,"column":47}}]},"2":{"line":33,"type":"cond-expr","locations":[{"start":{"line":33,"column":20},"end":{"line":33,"column":36}},{"start":{"line":33,"column":39},"end":{"line":33,"column":59}}]},"3":{"line":34,"type":"cond-expr","locations":[{"start":{"line":34,"column":23},"end":{"line":34,"column":41}},{"start":{"line":34,"column":44},"end":{"line":34,"column":64}}]},"4":{"line":50,"type":"if","locations":[{"start":{"line":50,"column":6},"end":{"line":50,"column":6}},{"start":{"line":50,"column":6},"end":{"line":50,"column":6}}]},"5":{"line":53,"type":"if","locations":[{"start":{"line":53,"column":6},"end":{"line":53,"column":6}},{"start":{"line":53,"column":6},"end":{"line":53,"column":6}}]}}},"/home/travis/build/arf/java-codegen-liberty/generator-liberty/lib/assert.technologies.js":{"path":"/home/travis/build/arf/java-codegen-liberty/generator-liberty/lib/assert.technologies.js","s":{"1":1,"2":1,"3":1,"4":1,"5":1,"6":1,"7":22,"8":22,"9":22,"10":22,"11":22,"12":22,"13":22,"14":22,"15":22,"16":21,"17":22,"18":0,"19":0,"20":0,"21":0,"22":0,"23":22,"24":3,"25":3,"26":3,"27":3,"28":3,"29":3,"30":3,"31":3,"32":3,"33":3,"34":3,"35":3,"36":22,"37":5,"38":5,"39":5,"40":22,"41":5,"42":5,"43":5,"44":5,"45":5,"46":5,"47":22,"48":3,"49":3,"50":3,"51":3,"52":3,"53":22,"54":4,"55":4,"56":4,"57":4,"58":22,"59":6,"60":6,"61":6,"62":6,"63":6,"64":22,"65":5,"66":5,"67":5,"68":22,"69":7,"70":7,"71":7,"72":7,"73":7,"74":7,"75":22,"76":6,"77":6,"78":6,"79":6,"80":6,"81":6,"82":22,"83":2,"84":2,"85":2,"86":22,"87":0,"88":0,"89":0,"90":1},"b":{},"f":{"1":22,"2":22,"3":22,"4":22,"5":21,"6":0,"7":0,"8":3,"9":3,"10":3,"11":3,"12":5,"13":5,"14":5,"15":3,"16":3,"17":4,"18":4,"19":6,"20":6,"21":5,"22":5,"23":7,"24":7,"25":6,"26":6,"27":2,"28":0},"fnMap":{"1":{"name":"AssertTech","line":27,"loc":{"start":{"line":27,"column":0},"end":{"line":27,"column":22}}},"2":{"name":"(anonymous_2)","line":28,"loc":{"start":{"line":28,"column":16},"end":{"line":28,"column":31}}},"3":{"name":"(anonymous_3)","line":29,"loc":{"start":{"line":29,"column":34},"end":{"line":29,"column":45}}},"4":{"name":"(anonymous_4)","line":32,"loc":{"start":{"line":32,"column":38},"end":{"line":32,"column":49}}},"5":{"name":"(anonymous_5)","line":39,"loc":{"start":{"line":39,"column":23},"end":{"line":39,"column":38}}},"6":{"name":"(anonymous_6)","line":42,"loc":{"start":{"line":42,"column":25},"end":{"line":42,"column":40}}},"7":{"name":"(anonymous_7)","line":45,"loc":{"start":{"line":45,"column":48},"end":{"line":45,"column":59}}},"8":{"name":"(anonymous_8)","line":50,"loc":{"start":{"line":50,"column":20},"end":{"line":50,"column":40}}},"9":{"name":"(anonymous_9)","line":51,"loc":{"start":{"line":51,"column":57},"end":{"line":51,"column":68}}},"10":{"name":"(anonymous_10)","line":54,"loc":{"start":{"line":54,"column":62},"end":{"line":54,"column":73}}},"11":{"name":"(anonymous_11)","line":57,"loc":{"start":{"line":57,"column":59},"end":{"line":57,"column":70}}},"12":{"name":"(anonymous_12)","line":67,"loc":{"start":{"line":67,"column":28},"end":{"line":67,"column":48}}},"13":{"name":"(anonymous_13)","line":68,"loc":{"start":{"line":68,"column":67},"end":{"line":68,"column":78}}},"14":{"name":"(anonymous_14)","line":73,"loc":{"start":{"line":73,"column":31},"end":{"line":73,"column":51}}},"15":{"name":"(anonymous_15)","line":81,"loc":{"start":{"line":81,"column":27},"end":{"line":81,"column":47}}},"16":{"name":"(anonymous_16)","line":82,"loc":{"start":{"line":82,"column":66},"end":{"line":82,"column":77}}},"17":{"name":"(anonymous_17)","line":89,"loc":{"start":{"line":89,"column":26},"end":{"line":89,"column":46}}},"18":{"name":"(anonymous_18)","line":90,"loc":{"start":{"line":90,"column":65},"end":{"line":90,"column":76}}},"19":{"name":"(anonymous_19)","line":96,"loc":{"start":{"line":96,"column":23},"end":{"line":96,"column":43}}},"20":{"name":"(anonymous_20)","line":97,"loc":{"start":{"line":97,"column":62},"end":{"line":97,"column":73}}},"21":{"name":"(anonymous_21)","line":104,"loc":{"start":{"line":104,"column":25},"end":{"line":104,"column":45}}},"22":{"name":"(anonymous_22)","line":105,"loc":{"start":{"line":105,"column":65},"end":{"line":105,"column":76}}},"23":{"name":"(anonymous_23)","line":110,"loc":{"start":{"line":110,"column":23},"end":{"line":110,"column":43}}},"24":{"name":"(anonymous_24)","line":111,"loc":{"start":{"line":111,"column":62},"end":{"line":111,"column":73}}},"25":{"name":"(anonymous_25)","line":119,"loc":{"start":{"line":119,"column":30},"end":{"line":119,"column":50}}},"26":{"name":"(anonymous_26)","line":120,"loc":{"start":{"line":120,"column":66},"end":{"line":120,"column":77}}},"27":{"name":"(anonymous_27)","line":128,"loc":{"start":{"line":128,"column":34},"end":{"line":128,"column":54}}},"28":{"name":"(anonymous_28)","line":133,"loc":{"start":{"line":133,"column":26},"end":{"line":133,"column":46}}}},"statementMap":{"1":{"start":{"line":21,"column":0},"end":{"line":21,"column":40}},"2":{"start":{"line":22,"column":0},"end":{"line":22,"column":48}},"3":{"start":{"line":23,"column":0},"end":{"line":23,"column":42}},"4":{"start":{"line":24,"column":0},"end":{"line":24,"column":50}},"5":{"start":{"line":25,"column":0},"end":{"line":25,"column":36}},"6":{"start":{"line":27,"column":0},"end":{"line":138,"column":1}},"7":{"start":{"line":28,"column":2},"end":{"line":38,"column":3}},"8":{"start":{"line":29,"column":4},"end":{"line":31,"column":7}},"9":{"start":{"line":30,"column":6},"end":{"line":30,"column":30}},"10":{"start":{"line":32,"column":4},"end":{"line":35,"column":7}},"11":{"start":{"line":33,"column":6},"end":{"line":33,"column":56}},"12":{"start":{"line":34,"column":6},"end":{"line":34,"column":59}},"13":{"start":{"line":36,"column":4},"end":{"line":36,"column":33}},"14":{"start":{"line":37,"column":4},"end":{"line":37,"column":36}},"15":{"start":{"line":39,"column":2},"end":{"line":41,"column":3}},"16":{"start":{"line":40,"column":4},"end":{"line":40,"column":22}},"17":{"start":{"line":42,"column":2},"end":{"line":49,"column":3}},"18":{"start":{"line":43,"column":4},"end":{"line":43,"column":22}},"19":{"start":{"line":44,"column":4},"end":{"line":44,"column":42}},"20":{"start":{"line":45,"column":4},"end":{"line":47,"column":7}},"21":{"start":{"line":46,"column":6},"end":{"line":46,"column":65}},"22":{"start":{"line":48,"column":4},"end":{"line":48,"column":33}},"23":{"start":{"line":50,"column":2},"end":{"line":66,"column":3}},"24":{"start":{"line":51,"column":4},"end":{"line":53,"column":7}},"25":{"start":{"line":52,"column":6},"end":{"line":52,"column":77}},"26":{"start":{"line":54,"column":4},"end":{"line":56,"column":7}},"27":{"start":{"line":55,"column":6},"end":{"line":55,"column":74}},"28":{"start":{"line":57,"column":4},"end":{"line":59,"column":7}},"29":{"start":{"line":58,"column":6},"end":{"line":58,"column":54}},"30":{"start":{"line":60,"column":4},"end":{"line":60,"column":98}},"31":{"start":{"line":61,"column":4},"end":{"line":61,"column":143}},"32":{"start":{"line":62,"column":4},"end":{"line":62,"column":94}},"33":{"start":{"line":63,"column":4},"end":{"line":63,"column":140}},"34":{"start":{"line":64,"column":4},"end":{"line":64,"column":45}},"35":{"start":{"line":65,"column":4},"end":{"line":65,"column":45}},"36":{"start":{"line":67,"column":2},"end":{"line":72,"column":3}},"37":{"start":{"line":68,"column":4},"end":{"line":70,"column":7}},"38":{"start":{"line":69,"column":6},"end":{"line":69,"column":62}},"39":{"start":{"line":71,"column":4},"end":{"line":71,"column":42}},"40":{"start":{"line":73,"column":2},"end":{"line":80,"column":3}},"41":{"start":{"line":74,"column":4},"end":{"line":74,"column":98}},"42":{"start":{"line":75,"column":4},"end":{"line":75,"column":143}},"43":{"start":{"line":76,"column":4},"end":{"line":76,"column":94}},"44":{"start":{"line":77,"column":4},"end":{"line":77,"column":140}},"45":{"start":{"line":78,"column":4},"end":{"line":78,"column":93}},"46":{"start":{"line":79,"column":4},"end":{"line":79,"column":52}},"47":{"start":{"line":81,"column":2},"end":{"line":88,"column":3}},"48":{"start":{"line":82,"column":4},"end":{"line":84,"column":7}},"49":{"start":{"line":83,"column":6},"end":{"line":83,"column":61}},"50":{"start":{"line":85,"column":4},"end":{"line":85,"column":147}},"51":{"start":{"line":86,"column":4},"end":{"line":86,"column":112}},"52":{"start":{"line":87,"column":4},"end":{"line":87,"column":43}},"53":{"start":{"line":89,"column":2},"end":{"line":95,"column":3}},"54":{"start":{"line":90,"column":4},"end":{"line":92,"column":7}},"55":{"start":{"line":91,"column":6},"end":{"line":91,"column":60}},"56":{"start":{"line":93,"column":4},"end":{"line":93,"column":104}},"57":{"start":{"line":94,"column":4},"end":{"line":94,"column":49}},"58":{"start":{"line":96,"column":2},"end":{"line":103,"column":3}},"59":{"start":{"line":97,"column":4},"end":{"line":99,"column":7}},"60":{"start":{"line":98,"column":6},"end":{"line":98,"column":57}},"61":{"start":{"line":100,"column":4},"end":{"line":100,"column":102}},"62":{"start":{"line":101,"column":4},"end":{"line":101,"column":143}},"63":{"start":{"line":102,"column":4},"end":{"line":102,"column":47}},"64":{"start":{"line":104,"column":2},"end":{"line":109,"column":3}},"65":{"start":{"line":105,"column":4},"end":{"line":107,"column":7}},"66":{"start":{"line":106,"column":6},"end":{"line":106,"column":60}},"67":{"start":{"line":108,"column":4},"end":{"line":108,"column":109}},"68":{"start":{"line":110,"column":2},"end":{"line":118,"column":3}},"69":{"start":{"line":111,"column":4},"end":{"line":113,"column":7}},"70":{"start":{"line":112,"column":6},"end":{"line":112,"column":57}},"71":{"start":{"line":114,"column":4},"end":{"line":114,"column":102}},"72":{"start":{"line":115,"column":4},"end":{"line":115,"column":143}},"73":{"start":{"line":116,"column":4},"end":{"line":116,"column":101}},"74":{"start":{"line":117,"column":4},"end":{"line":117,"column":52}},"75":{"start":{"line":119,"column":2},"end":{"line":127,"column":3}},"76":{"start":{"line":120,"column":4},"end":{"line":122,"column":7}},"77":{"start":{"line":121,"column":6},"end":{"line":121,"column":77}},"78":{"start":{"line":123,"column":4},"end":{"line":123,"column":102}},"79":{"start":{"line":124,"column":4},"end":{"line":124,"column":143}},"80":{"start":{"line":125,"column":4},"end":{"line":125,"column":109}},"81":{"start":{"line":126,"column":4},"end":{"line":126,"column":138}},"82":{"start":{"line":128,"column":2},"end":{"line":132,"column":3}},"83":{"start":{"line":129,"column":4},"end":{"line":129,"column":100}},"84":{"start":{"line":130,"column":4},"end":{"line":130,"column":145}},"85":{"start":{"line":131,"column":4},"end":{"line":131,"column":46}},"86":{"start":{"line":133,"column":2},"end":{"line":137,"column":3}},"87":{"start":{"line":134,"column":4},"end":{"line":134,"column":98}},"88":{"start":{"line":135,"column":4},"end":{"line":135,"column":143}},"89":{"start":{"line":136,"column":4},"end":{"line":136,"column":45}},"90":{"start":{"line":140,"column":0},"end":{"line":140,"column":38}}},"branchMap":{}},"/home/travis/build/arf/java-codegen-liberty/generator-liberty/generators/app/index.js":{"path":"/home/travis/build/arf/java-codegen-liberty/generator-liberty/generators/app/index.js","s":{"1":1,"2":1,"3":1,"4":1,"5":1,"6":1,"7":24,"8":24,"9":24,"10":24,"11":24,"12":24,"13":24,"14":24},"b":{},"f":{"1":24,"2":24,"3":24,"4":24,"5":24,"6":24},"fnMap":{"1":{"name":"(anonymous_1)","line":26,"loc":{"start":{"line":26,"column":13},"end":{"line":26,"column":26}}},"2":{"name":"(anonymous_2)","line":35,"loc":{"start":{"line":35,"column":14},"end":{"line":35,"column":17}}},"3":{"name":"(anonymous_3)","line":39,"loc":{"start":{"line":39,"column":11},"end":{"line":39,"column":14}}},"4":{"name":"(anonymous_4)","line":43,"loc":{"start":{"line":43,"column":13},"end":{"line":43,"column":16}}},"5":{"name":"(anonymous_5)","line":47,"loc":{"start":{"line":47,"column":9},"end":{"line":47,"column":12}}},"6":{"name":"(anonymous_6)","line":51,"loc":{"start":{"line":51,"column":5},"end":{"line":51,"column":8}}}},"statementMap":{"1":{"start":{"line":17,"column":0},"end":{"line":17,"column":44}},"2":{"start":{"line":18,"column":0},"end":{"line":18,"column":39}},"3":{"start":{"line":19,"column":0},"end":{"line":19,"column":29}},"4":{"start":{"line":20,"column":0},"end":{"line":20,"column":23}},"5":{"start":{"line":21,"column":0},"end":{"line":21,"column":31}},"6":{"start":{"line":24,"column":0},"end":{"line":54,"column":2}},"7":{"start":{"line":27,"column":4},"end":{"line":27,"column":22}},"8":{"start":{"line":28,"column":4},"end":{"line":28,"column":31}},"9":{"start":{"line":29,"column":4},"end":{"line":29,"column":70}},"10":{"start":{"line":30,"column":4},"end":{"line":30,"column":67}},"11":{"start":{"line":31,"column":4},"end":{"line":31,"column":33}},"12":{"start":{"line":32,"column":4},"end":{"line":32,"column":34}},"13":{"start":{"line":44,"column":4},"end":{"line":44,"column":25}},"14":{"start":{"line":48,"column":4},"end":{"line":48,"column":36}}},"branchMap":{}},"/home/travis/build/arf/java-codegen-liberty/generator-liberty/generators/prompts/liberty.js":{"path":"/home/travis/build/arf/java-codegen-liberty/generator-liberty/generators/prompts/liberty.js","s":{"1":1,"2":1,"3":0,"4":0,"5":0,"6":1,"7":0,"8":1,"9":0,"10":0,"11":0,"12":0,"13":0,"14":0,"15":0,"16":1,"17":0,"18":0,"19":0,"20":0,"21":0,"22":1,"23":0,"24":1,"25":0,"26":0,"27":0,"28":1},"b":{"1":[0,0],"2":[0,0],"3":[0,0],"4":[0,0]},"f":{"1":0,"2":0,"3":0,"4":0,"5":0,"6":0,"7":0},"fnMap":{"1":{"name":"Extension","line":21,"loc":{"start":{"line":21,"column":0},"end":{"line":21,"column":27}}},"2":{"name":"(anonymous_2)","line":27,"loc":{"start":{"line":27,"column":32},"end":{"line":27,"column":43}}},"3":{"name":"(anonymous_3)","line":35,"loc":{"start":{"line":35,"column":27},"end":{"line":35,"column":45}}},"4":{"name":"(anonymous_4)","line":49,"loc":{"start":{"line":49,"column":35},"end":{"line":49,"column":46}}},"5":{"name":"(anonymous_5)","line":94,"loc":{"start":{"line":94,"column":15},"end":{"line":94,"column":33}}},"6":{"name":"(anonymous_6)","line":109,"loc":{"start":{"line":109,"column":33},"end":{"line":109,"column":47}}},"7":{"name":"(anonymous_7)","line":113,"loc":{"start":{"line":113,"column":34},"end":{"line":113,"column":60}}}},"statementMap":{"1":{"start":{"line":19,"column":0},"end":{"line":19,"column":35}},"2":{"start":{"line":21,"column":0},"end":{"line":25,"column":1}},"3":{"start":{"line":22,"column":2},"end":{"line":22,"column":22}},"4":{"start":{"line":23,"column":2},"end":{"line":23,"column":23}},"5":{"start":{"line":24,"column":2},"end":{"line":24,"column":27}},"6":{"start":{"line":27,"column":0},"end":{"line":33,"column":1}},"7":{"start":{"line":28,"column":2},"end":{"line":32,"column":4}},"8":{"start":{"line":35,"column":0},"end":{"line":47,"column":1}},"9":{"start":{"line":36,"column":2},"end":{"line":36,"column":21}},"10":{"start":{"line":37,"column":2},"end":{"line":45,"column":3}},"11":{"start":{"line":38,"column":4},"end":{"line":42,"column":5}},"12":{"start":{"line":39,"column":6},"end":{"line":39,"column":50}},"13":{"start":{"line":41,"column":6},"end":{"line":41,"column":54}},"14":{"start":{"line":44,"column":4},"end":{"line":44,"column":52}},"15":{"start":{"line":46,"column":2},"end":{"line":46,"column":16}},"16":{"start":{"line":49,"column":0},"end":{"line":107,"column":1}},"17":{"start":{"line":50,"column":2},"end":{"line":106,"column":5}},"18":{"start":{"line":87,"column":30},"end":{"line":87,"column":52}},"19":{"start":{"line":95,"column":6},"end":{"line":97,"column":7}},"20":{"start":{"line":96,"column":8},"end":{"line":96,"column":58}},"21":{"start":{"line":98,"column":6},"end":{"line":98,"column":18}},"22":{"start":{"line":109,"column":0},"end":{"line":111,"column":1}},"23":{"start":{"line":110,"column":2},"end":{"line":110,"column":21}},"24":{"start":{"line":113,"column":0},"end":{"line":119,"column":1}},"25":{"start":{"line":114,"column":2},"end":{"line":118,"column":3}},"26":{"start":{"line":115,"column":4},"end":{"line":115,"column":37}},"27":{"start":{"line":117,"column":4},"end":{"line":117,"column":26}},"28":{"start":{"line":121,"column":0},"end":{"line":121,"column":37}}},"branchMap":{"1":{"line":37,"type":"if","locations":[{"start":{"line":37,"column":2},"end":{"line":37,"column":2}},{"start":{"line":37,"column":2},"end":{"line":37,"column":2}}]},"2":{"line":38,"type":"if","locations":[{"start":{"line":38,"column":4},"end":{"line":38,"column":4}},{"start":{"line":38,"column":4},"end":{"line":38,"column":4}}]},"3":{"line":95,"type":"if","locations":[{"start":{"line":95,"column":6},"end":{"line":95,"column":6}},{"start":{"line":95,"column":6},"end":{"line":95,"column":6}}]},"4":{"line":114,"type":"if","locations":[{"start":{"line":114,"column":2},"end":{"line":114,"column":2}},{"start":{"line":114,"column":2},"end":{"line":114,"column":2}}]}}}}