TN:
SF:/home/travis/build/arf/java-codegen-liberty/generator-liberty/lib/assert.liberty.js
FN:30,getCheck
FN:38,AssertLiberty
FN:39,(anonymous_3)
FN:41,(anonymous_4)
FN:48,(anonymous_5)
FN:49,(anonymous_6)
FN:64,(anonymous_7)
FN:66,(anonymous_8)
FN:71,(anonymous_9)
FN:73,(anonymous_10)
FN:78,(anonymous_11)
FN:79,(anonymous_12)
FN:84,(anonymous_13)
FN:86,(anonymous_14)
FNF:14
FNH:14
FNDA:63,getCheck
FNDA:3,AssertLiberty
FNDA:24,(anonymous_3)
FNDA:24,(anonymous_4)
FNDA:2,(anonymous_5)
FNDA:2,(anonymous_6)
FNDA:2,(anonymous_7)
FNDA:2,(anonymous_8)
FNDA:2,(anonymous_9)
FNDA:2,(anonymous_10)
FNDA:24,(anonymous_11)
FNDA:24,(anonymous_12)
FNDA:35,(anonymous_13)
FNDA:35,(anonymous_14)
DA:22,1
DA:23,1
DA:24,1
DA:25,1
DA:26,1
DA:27,1
DA:30,1
DA:31,63
DA:38,1
DA:39,3
DA:40,24
DA:41,24
DA:42,24
DA:43,24
DA:44,24
DA:48,3
DA:49,2
DA:50,2
DA:51,1
DA:53,2
DA:54,1
DA:55,1
DA:56,1
DA:57,1
DA:58,1
DA:59,1
DA:64,3
DA:65,2
DA:66,2
DA:67,2
DA:71,3
DA:72,2
DA:73,2
DA:74,2
DA:78,3
DA:79,24
DA:80,24
DA:84,3
DA:85,35
DA:86,35
DA:87,35
DA:92,1
LF:42
LH:42
BRDA:32,1,0,61
BRDA:32,1,1,2
BRDA:33,2,0,61
BRDA:33,2,1,2
BRDA:34,3,0,61
BRDA:34,3,1,2
BRDA:50,4,0,1
BRDA:50,4,1,1
BRDA:53,5,0,1
BRDA:53,5,1,1
BRF:10
BRH:10
end_of_record
TN:
SF:/home/travis/build/arf/java-codegen-liberty/generator-liberty/lib/assert.technologies.js
FN:27,AssertTech
FN:28,(anonymous_2)
FN:29,(anonymous_3)
FN:32,(anonymous_4)
FN:39,(anonymous_5)
FN:42,(anonymous_6)
FN:45,(anonymous_7)
FN:50,(anonymous_8)
FN:51,(anonymous_9)
FN:54,(anonymous_10)
FN:57,(anonymous_11)
FN:67,(anonymous_12)
FN:68,(anonymous_13)
FN:73,(anonymous_14)
FN:81,(anonymous_15)
FN:82,(anonymous_16)
FN:89,(anonymous_17)
FN:90,(anonymous_18)
FN:96,(anonymous_19)
FN:97,(anonymous_20)
FN:104,(anonymous_21)
FN:105,(anonymous_22)
FN:110,(anonymous_23)
FN:111,(anonymous_24)
FN:119,(anonymous_25)
FN:120,(anonymous_26)
FN:128,(anonymous_27)
FN:133,(anonymous_28)
FNF:28
FNH:25
FNDA:22,AssertTech
FNDA:22,(anonymous_2)
FNDA:22,(anonymous_3)
FNDA:22,(anonymous_4)
FNDA:21,(anonymous_5)
FNDA:0,(anonymous_6)
FNDA:0,(anonymous_7)
FNDA:3,(anonymous_8)
FNDA:3,(anonymous_9)
FNDA:3,(anonymous_10)
FNDA:3,(anonymous_11)
FNDA:5,(anonymous_12)
FNDA:5,(anonymous_13)
FNDA:5,(anonymous_14)
FNDA:3,(anonymous_15)
FNDA:3,(anonymous_16)
FNDA:4,(anonymous_17)
FNDA:4,(anonymous_18)
FNDA:6,(anonymous_19)
FNDA:6,(anonymous_20)
FNDA:5,(anonymous_21)
FNDA:5,(anonymous_22)
FNDA:7,(anonymous_23)
FNDA:7,(anonymous_24)
FNDA:6,(anonymous_25)
FNDA:6,(anonymous_26)
FNDA:2,(anonymous_27)
FNDA:0,(anonymous_28)
DA:21,1
DA:22,1
DA:23,1
DA:24,1
DA:25,1
DA:27,1
DA:28,22
DA:29,22
DA:30,22
DA:32,22
DA:33,22
DA:34,22
DA:36,22
DA:37,22
DA:39,22
DA:40,21
DA:42,22
DA:43,0
DA:44,0
DA:45,0
DA:46,0
DA:48,0
DA:50,22
DA:51,3
DA:52,3
DA:54,3
DA:55,3
DA:57,3
DA:58,3
DA:60,3
DA:61,3
DA:62,3
DA:63,3
DA:64,3
DA:65,3
DA:67,22
DA:68,5
DA:69,5
DA:71,5
DA:73,22
DA:74,5
DA:75,5
DA:76,5
DA:77,5
DA:78,5
DA:79,5
DA:81,22
DA:82,3
DA:83,3
DA:85,3
DA:86,3
DA:87,3
DA:89,22
DA:90,4
DA:91,4
DA:93,4
DA:94,4
DA:96,22
DA:97,6
DA:98,6
DA:100,6
DA:101,6
DA:102,6
DA:104,22
DA:105,5
DA:106,5
DA:108,5
DA:110,22
DA:111,7
DA:112,7
DA:114,7
DA:115,7
DA:116,7
DA:117,7
DA:119,22
DA:120,6
DA:121,6
DA:123,6
DA:124,6
DA:125,6
DA:126,6
DA:128,22
DA:129,2
DA:130,2
DA:131,2
DA:133,22
DA:134,0
DA:135,0
DA:136,0
DA:140,1
LF:90
LH:82
BRF:0
BRH:0
end_of_record
TN:
SF:/home/travis/build/arf/java-codegen-liberty/generator-liberty/generators/app/index.js
FN:26,(anonymous_1)
FN:35,(anonymous_2)
FN:39,(anonymous_3)
FN:43,(anonymous_4)
FN:47,(anonymous_5)
FN:51,(anonymous_6)
FNF:6
FNH:6
FNDA:24,(anonymous_1)
FNDA:24,(anonymous_2)
FNDA:24,(anonymous_3)
FNDA:24,(anonymous_4)
FNDA:24,(anonymous_5)
FNDA:24,(anonymous_6)
DA:17,1
DA:18,1
DA:19,1
DA:20,1
DA:21,1
DA:24,1
DA:27,24
DA:28,24
DA:29,24
DA:30,24
DA:31,24
DA:32,24
DA:44,24
DA:48,24
LF:14
LH:14
BRF:0
BRH:0
end_of_record
TN:
SF:/home/travis/build/arf/java-codegen-liberty/generator-liberty/generators/prompts/liberty.js
FN:21,Extension
FN:27,(anonymous_2)
FN:35,(anonymous_3)
FN:49,(anonymous_4)
FN:94,(anonymous_5)
FN:109,(anonymous_6)
FN:113,(anonymous_7)
FNF:7
FNH:0
FNDA:0,Extension
FNDA:0,(anonymous_2)
FNDA:0,(anonymous_3)
FNDA:0,(anonymous_4)
FNDA:0,(anonymous_5)
FNDA:0,(anonymous_6)
FNDA:0,(anonymous_7)
DA:19,1
DA:21,1
DA:22,0
DA:23,0
DA:24,0
DA:27,1
DA:28,0
DA:35,1
DA:36,0
DA:37,0
DA:38,0
DA:39,0
DA:41,0
DA:44,0
DA:46,0
DA:49,1
DA:50,0
DA:87,0
DA:95,0
DA:96,0
DA:98,0
DA:109,1
DA:110,0
DA:113,1
DA:114,0
DA:115,0
DA:117,0
DA:121,1
LF:28
LH:8
BRDA:37,1,0,0
BRDA:37,1,1,0
BRDA:38,2,0,0
BRDA:38,2,1,0
BRDA:95,3,0,0
BRDA:95,3,1,0
BRDA:114,4,0,0
BRDA:114,4,1,0
BRF:8
BRH:0
end_of_record
