TN:
SF:/home/travis/build/arf/java-codegen-liberty/generator-liberty/lib/assert.liberty.js
FN:30,getCheck
FN:38,AssertLiberty
FN:39,(anonymous_3)
FN:41,(anonymous_4)
FN:48,(anonymous_5)
FN:49,(anonymous_6)
FN:64,(anonymous_7)
FN:66,(anonymous_8)
FN:71,(anonymous_9)
FN:73,(anonymous_10)
FN:78,(anonymous_11)
FN:79,(anonymous_12)
FN:84,(anonymous_13)
FN:86,(anonymous_14)
FNF:14
FNH:14
FNDA:65,getCheck
FNDA:3,AssertLiberty
FNDA:26,(anonymous_3)
FNDA:26,(anonymous_4)
FNDA:2,(anonymous_5)
FNDA:2,(anonymous_6)
FNDA:2,(anonymous_7)
FNDA:2,(anonymous_8)
FNDA:2,(anonymous_9)
FNDA:2,(anonymous_10)
FNDA:26,(anonymous_11)
FNDA:26,(anonymous_12)
FNDA:35,(anonymous_13)
FNDA:35,(anonymous_14)
DA:22,1
DA:23,1
DA:24,1
DA:25,1
DA:26,1
DA:27,1
DA:30,1
DA:31,65
DA:38,1
DA:39,3
DA:40,26
DA:41,26
DA:42,26
DA:43,26
DA:44,26
DA:48,3
DA:49,2
DA:50,2
DA:51,1
DA:53,2
DA:54,1
DA:55,1
DA:56,1
DA:57,1
DA:58,1
DA:59,1
DA:64,3
DA:65,2
DA:66,2
DA:67,2
DA:71,3
DA:72,2
DA:73,2
DA:74,2
DA:78,3
DA:79,26
DA:80,26
DA:84,3
DA:85,35
DA:86,35
DA:87,35
DA:92,1
LF:42
LH:42
BRDA:32,1,0,63
BRDA:32,1,1,2
BRDA:33,2,0,63
BRDA:33,2,1,2
BRDA:34,3,0,63
BRDA:34,3,1,2
BRDA:50,4,0,1
BRDA:50,4,1,1
BRDA:53,5,0,1
BRDA:53,5,1,1
BRF:10
BRH:10
end_of_record
TN:
SF:/home/travis/build/arf/java-codegen-liberty/generator-liberty/lib/assert.technologies.js
FN:27,AssertTech
FN:28,(anonymous_2)
FN:29,(anonymous_3)
FN:32,(anonymous_4)
FN:39,(anonymous_5)
FN:42,(anonymous_6)
FN:43,(anonymous_7)
FN:48,(anonymous_8)
FN:49,(anonymous_9)
FN:56,(anonymous_10)
FN:60,(anonymous_11)
FN:61,(anonymous_12)
FN:64,(anonymous_13)
FN:67,(anonymous_14)
FN:77,(anonymous_15)
FN:78,(anonymous_16)
FN:83,(anonymous_17)
FN:91,(anonymous_18)
FN:92,(anonymous_19)
FN:99,(anonymous_20)
FN:100,(anonymous_21)
FN:106,(anonymous_22)
FN:107,(anonymous_23)
FN:114,(anonymous_24)
FN:115,(anonymous_25)
FN:120,(anonymous_26)
FN:121,(anonymous_27)
FN:129,(anonymous_28)
FN:130,(anonymous_29)
FN:138,(anonymous_30)
FN:143,(anonymous_31)
FNF:31
FNH:30
FNDA:24,AssertTech
FNDA:24,(anonymous_2)
FNDA:24,(anonymous_3)
FNDA:24,(anonymous_4)
FNDA:23,(anonymous_5)
FNDA:3,(anonymous_6)
FNDA:3,(anonymous_7)
FNDA:3,(anonymous_8)
FNDA:3,(anonymous_9)
FNDA:3,(anonymous_10)
FNDA:5,(anonymous_11)
FNDA:5,(anonymous_12)
FNDA:5,(anonymous_13)
FNDA:5,(anonymous_14)
FNDA:3,(anonymous_15)
FNDA:3,(anonymous_16)
FNDA:6,(anonymous_17)
FNDA:4,(anonymous_18)
FNDA:4,(anonymous_19)
FNDA:4,(anonymous_20)
FNDA:4,(anonymous_21)
FNDA:4,(anonymous_22)
FNDA:4,(anonymous_23)
FNDA:6,(anonymous_24)
FNDA:6,(anonymous_25)
FNDA:3,(anonymous_26)
FNDA:3,(anonymous_27)
FNDA:4,(anonymous_28)
FNDA:4,(anonymous_29)
FNDA:2,(anonymous_30)
FNDA:0,(anonymous_31)
DA:21,1
DA:22,1
DA:23,1
DA:24,1
DA:25,1
DA:27,1
DA:28,24
DA:29,24
DA:30,24
DA:32,24
DA:33,24
DA:34,24
DA:36,24
DA:37,24
DA:39,24
DA:40,23
DA:42,24
DA:43,3
DA:44,3
DA:46,3
DA:48,24
DA:49,3
DA:50,3
DA:51,3
DA:52,3
DA:53,3
DA:54,3
DA:56,3
DA:57,3
DA:60,24
DA:61,5
DA:62,5
DA:64,5
DA:65,5
DA:67,5
DA:68,5
DA:70,5
DA:71,5
DA:72,5
DA:73,5
DA:74,5
DA:75,5
DA:77,24
DA:78,3
DA:79,3
DA:81,3
DA:83,24
DA:84,6
DA:85,6
DA:86,6
DA:87,6
DA:88,6
DA:89,6
DA:91,24
DA:92,4
DA:93,4
DA:95,4
DA:96,4
DA:97,4
DA:99,24
DA:100,4
DA:101,4
DA:103,4
DA:104,4
DA:106,24
DA:107,4
DA:108,4
DA:110,4
DA:111,4
DA:112,4
DA:114,24
DA:115,6
DA:116,6
DA:118,6
DA:120,24
DA:121,3
DA:122,3
DA:124,3
DA:125,3
DA:126,3
DA:127,3
DA:129,24
DA:130,4
DA:131,4
DA:133,4
DA:134,4
DA:135,4
DA:136,4
DA:138,24
DA:139,2
DA:140,2
DA:141,2
DA:143,24
DA:144,0
DA:145,0
DA:146,0
DA:150,1
LF:97
LH:94
BRF:0
BRH:0
end_of_record
TN:
SF:/home/travis/build/arf/java-codegen-liberty/generator-liberty/generators/app/index.js
FN:26,(anonymous_1)
FN:35,(anonymous_2)
FN:39,(anonymous_3)
FN:43,(anonymous_4)
FN:47,(anonymous_5)
FN:51,(anonymous_6)
FNF:6
FNH:6
FNDA:26,(anonymous_1)
FNDA:26,(anonymous_2)
FNDA:26,(anonymous_3)
FNDA:26,(anonymous_4)
FNDA:26,(anonymous_5)
FNDA:26,(anonymous_6)
DA:17,1
DA:18,1
DA:19,1
DA:20,1
DA:21,1
DA:24,1
DA:27,26
DA:28,26
DA:29,26
DA:30,26
DA:31,26
DA:32,26
DA:44,26
DA:48,26
LF:14
LH:14
BRF:0
BRH:0
end_of_record
TN:
SF:/home/travis/build/arf/java-codegen-liberty/generator-liberty/generators/prompts/liberty.js
FN:21,Extension
FN:27,(anonymous_2)
FN:35,(anonymous_3)
FN:49,(anonymous_4)
FN:90,(anonymous_5)
FN:105,(anonymous_6)
FN:109,(anonymous_7)
FNF:7
FNH:0
FNDA:0,Extension
FNDA:0,(anonymous_2)
FNDA:0,(anonymous_3)
FNDA:0,(anonymous_4)
FNDA:0,(anonymous_5)
FNDA:0,(anonymous_6)
FNDA:0,(anonymous_7)
DA:19,1
DA:21,1
DA:22,0
DA:23,0
DA:24,0
DA:27,1
DA:28,0
DA:35,1
DA:36,0
DA:37,0
DA:38,0
DA:39,0
DA:41,0
DA:44,0
DA:46,0
DA:49,1
DA:50,0
DA:83,0
DA:91,0
DA:92,0
DA:94,0
DA:105,1
DA:106,0
DA:109,1
DA:110,0
DA:111,0
DA:113,0
DA:117,1
LF:28
LH:8
BRDA:37,1,0,0
BRDA:37,1,1,0
BRDA:38,2,0,0
BRDA:38,2,1,0
BRDA:91,3,0,0
BRDA:91,3,1,0
BRDA:110,4,0,0
BRDA:110,4,1,0
BRF:8
BRH:0
end_of_record
